<?xml version="1.0" encoding="UTF-8"?>
<lgg:tcga_bcr xsi:schemaLocation="http://tcga.nci/bcr/xml/clinical/lgg/2.7 https://raw.githubusercontent.com/nchbcr/xsd/2.7/tcga.nci/bcr/xml/clinical/lgg/2.7/TCGA_BCR.LGG_Clinical.xsd" schemaVersion="2.7" xmlns:lgg="http://tcga.nci/bcr/xml/clinical/lgg/2.7" xmlns:xsi="http://www.w3.org/2001/XMLSchema-instance" xmlns:admin="http://tcga.nci/bcr/xml/administration/2.7" xmlns:clin_shared="http://tcga.nci/bcr/xml/clinical/shared/2.7" xmlns:shared="http://tcga.nci/bcr/xml/shared/2.7" xmlns:lgg_nte="http://tcga.nci/bcr/xml/clinical/lgg/shared/new_tumor_event/2.7/1.0" xmlns:nte="http://tcga.nci/bcr/xml/clinical/shared/new_tumor_event/2.7" xmlns:rx="http://tcga.nci/bcr/xml/clinical/pharmaceutical/2.7" xmlns:rad="http://tcga.nci/bcr/xml/clinical/radiation/2.7" xmlns:follow_up_v1.0="http://tcga.nci/bcr/xml/clinical/lgg/followup/2.7/1.0">
    <admin:admin>
        <admin:bcr xsd_ver="1.17">Nationwide Children's Hospital</admin:bcr>
        <admin:file_uuid xsd_ver="2.6">D08B44C3-71B3-4AAC-BE54-2C7996A2D0A9</admin:file_uuid>
        <admin:batch_number xsd_ver="1.17">347.51.0</admin:batch_number>
        <admin:project_code xsd_ver="2.7">TCGA</admin:project_code>
        <admin:disease_code xsd_ver="2.6">LGG</admin:disease_code>
        <admin:day_of_dcc_upload xsd_ver="1.17">22</admin:day_of_dcc_upload>
        <admin:month_of_dcc_upload xsd_ver="1.17">12</admin:month_of_dcc_upload>
        <admin:year_of_dcc_upload xsd_ver="1.17">2016</admin:year_of_dcc_upload>
        <admin:patient_withdrawal>
            <admin:withdrawn>false</admin:withdrawn>
        </admin:patient_withdrawal>
        <admin:program xsi:nil="true" xsd_ver="2.7"/>
        <admin:dbgap_registration_code xsi:nil="true" xsd_ver="2.7"/>
    </admin:admin>
    <lgg:patient>
        <admin:additional_studies/>
        <clin_shared:tumor_tissue_site preferred_name="submitted_tumor_site" display_order="9999" cde="3427536" cde_ver="2.000" xsd_ver="2.6" tier="2" owner="TSS" procurement_status="Completed" restricted="false" source_system_identifier="3068366">Central nervous system</clin_shared:tumor_tissue_site>
        <shared:histological_type preferred_name="histologic_diagnosis" display_order="5" cde="3081934" cde_ver="3.000" xsd_ver="2.5" tier="1" owner="TSS" procurement_status="Completed" restricted="false" source_system_identifier="3068367">Oligodendroglioma</shared:histological_type>
        <shared:other_dx preferred_name="history_other_malignancy" display_order="19" cde="3382736" cde_ver="2.000" xsd_ver="2.5" tier="1" owner="TSS" procurement_status="Completed" restricted="false" source_system_identifier="3068381">No</shared:other_dx>
        <shared:gender preferred_name="gender" display_order="12" cde="2200604" cde_ver="3.000" xsd_ver="1.8" tier="1" owner="TSS" procurement_status="Completed" restricted="false" source_system_identifier="3068374">MALE</shared:gender>
        <clin_shared:vital_status preferred_name="vital_status" display_order="46" cde="5" cde_ver="5.000" xsd_ver="2.6" tier="1" owner="TSS" procurement_status="Completed" restricted="false" source_system_identifier="3068408">Alive</clin_shared:vital_status>
        <clin_shared:days_to_birth precision="day" xsd_ver="1.12" tier="1" cde="3008233" owner="TSS" procurement_status="Completed" preferred_name="birth_days_to" display_order="16" cde_ver="1.000">-12488</clin_shared:days_to_birth>
        <clin_shared:days_to_last_known_alive precision="day" xsd_ver="2.1" tier="2" cde="" owner="TSS" procurement_status="Not Available" preferred_name="" display_order="9999" cde_ver=""/>
        <clin_shared:days_to_death precision="day" xsd_ver="1.12" tier="1" cde="3165475" owner="TSS" procurement_status="Not Applicable" preferred_name="death_days_to" display_order="54" cde_ver="1.000"/>
        <clin_shared:days_to_last_followup precision="day" xsd_ver="1.12" tier="1" cde="3008273" owner="TSS" procurement_status="Completed" preferred_name="last_contact_days_to" display_order="50" cde_ver="1.000">2208</clin_shared:days_to_last_followup>
        <clin_shared:race_list>
            <clin_shared:race preferred_name="race" display_order="17" cde="2192199" cde_ver="1.000" xsd_ver="1.8" tier="2" owner="TSS" procurement_status="Completed" restricted="false" source_system_identifier="3068379">WHITE</clin_shared:race>
        </clin_shared:race_list>
        <shared:bcr_patient_barcode preferred_name="" display_order="9999" cde="2003301" cde_ver="" xsd_ver="1.8" owner="TSS" procurement_status="Completed" restricted="false">TCGA-S9-A6WE</shared:bcr_patient_barcode>
        <shared:tissue_source_site cde="" cde_ver="" xsd_ver="2.4" owner="TSS" procurement_status="Completed" restricted="false">S9</shared:tissue_source_site>
        <shared:patient_id cde="" cde_ver="" xsd_ver="2.4" owner="TSS" procurement_status="Completed" restricted="false">A6WE</shared:patient_id>
        <shared:bcr_patient_uuid preferred_name="" display_order="9999" cde="" cde_ver="" xsd_ver="2.3" owner="TSS" procurement_status="Completed" restricted="false">6D2C49C3-0721-4BD2-B39F-7872F2DE996D</shared:bcr_patient_uuid>
        <shared:history_of_neoadjuvant_treatment preferred_name="history_neoadjuvant_treatment" display_order="20" cde="3382737" cde_ver="1.000" xsd_ver="2.4" tier="1" owner="TSS" procurement_status="Completed" restricted="false" source_system_identifier="3068382">No</shared:history_of_neoadjuvant_treatment>
        <clin_shared:informed_consent_verified preferred_name="patient_consent_status" display_order="14" cde="3288361" cde_ver="1.000" xsd_ver="2.4" tier="1" owner="TSS" procurement_status="Completed" restricted="false">YES</clin_shared:informed_consent_verified>
        <clin_shared:icd_o_3_site preferred_name="" display_order="9999" cde="3226281" cde_ver="" xsd_ver="2.4" tier="2" owner="TSS" procurement_status="Completed" restricted="false">C71.0</clin_shared:icd_o_3_site>
        <clin_shared:icd_o_3_histology preferred_name="" display_order="9999" cde="3226275" cde_ver="" xsd_ver="2.4" tier="2" owner="TSS" procurement_status="Completed" restricted="false">9450/3</clin_shared:icd_o_3_histology>
        <clin_shared:icd_10 preferred_name="" display_order="9999" cde="3226287" cde_ver="" xsd_ver="2.4" tier="2" owner="TSS" procurement_status="Completed" restricted="false">C71.0</clin_shared:icd_10>
        <clin_shared:tissue_prospective_collection_indicator preferred_name="prospective_collection" display_order="10" cde="3088492" cde_ver="1.000" xsd_ver="2.3" tier="2" owner="TSS" procurement_status="Completed" restricted="false" source_system_identifier="3068372">NO</clin_shared:tissue_prospective_collection_indicator>
        <clin_shared:tissue_retrospective_collection_indicator preferred_name="retrospective_collection" display_order="11" cde="3088528" cde_ver="1.000" xsd_ver="2.3" tier="2" owner="TSS" procurement_status="Completed" restricted="false" source_system_identifier="3068373">YES</clin_shared:tissue_retrospective_collection_indicator>
        <clin_shared:days_to_initial_pathologic_diagnosis precision="day" xsd_ver="1.12" tier="1" cde="3131740" owner="TSS" procurement_status="Completed" preferred_name="initial_pathologic_dx_days_to" display_order="9999" cde_ver="1.000">0</clin_shared:days_to_initial_pathologic_diagnosis>
        <clin_shared:age_at_initial_pathologic_diagnosis precision="day" xsd_ver="1.12" tier="1" cde="2006657" owner="TSS" procurement_status="Completed">34</clin_shared:age_at_initial_pathologic_diagnosis>
        <clin_shared:year_of_initial_pathologic_diagnosis preferred_name="initial_pathologic_dx_year" display_order="23" cde="2896960" cde_ver="1.000" xsd_ver="1.12" tier="1" owner="TSS" procurement_status="Completed" restricted="false" source_system_identifier="3068385">2004</clin_shared:year_of_initial_pathologic_diagnosis>
        <lgg:history_ionizing_rt_to_head preferred_name="history_ionizing_rt_to_head" display_order="24" cde="3120926" cde_ver="1.000" xsd_ver="2.6" tier="2" owner="TSS" procurement_status="Completed" restricted="false" source_system_identifier="3068386">NO</lgg:history_ionizing_rt_to_head>
        <clin_shared:person_neoplasm_cancer_status preferred_name="tumor_status" display_order="55" cde="2759550" cde_ver="1.000" xsd_ver="1.9" tier="2" owner="TSS" procurement_status="Completed" restricted="false" source_system_identifier="3068417">WITH TUMOR</clin_shared:person_neoplasm_cancer_status>
        <clin_shared:day_of_form_completion preferred_name="form_completion_day" display_order="999" cde="2975716" cde_ver="1.000" xsd_ver="2.2" tier="2" owner="TSS" procurement_status="Completed" restricted="false">4</clin_shared:day_of_form_completion>
        <clin_shared:month_of_form_completion preferred_name="form_completion_month" display_order="999" cde="2975718" cde_ver="1.000" xsd_ver="2.2" tier="2" owner="TSS" procurement_status="Completed" restricted="false">11</clin_shared:month_of_form_completion>
        <clin_shared:year_of_form_completion preferred_name="form_completion_year" display_order="999" cde="2975720" cde_ver="1.000" xsd_ver="2.2" tier="2" owner="TSS" procurement_status="Completed" restricted="false">2013</clin_shared:year_of_form_completion>
        <clin_shared:ethnicity preferred_name="ethnicity" display_order="18" cde="2192217" cde_ver="2.000" xsd_ver="1.9" tier="2" owner="TSS" procurement_status="Completed" restricted="false" source_system_identifier="3068380">NOT HISPANIC OR LATINO</clin_shared:ethnicity>
        <clin_shared:performance_status_scale_timing preferred_name="performance_status_timing" display_order="65" cde="2792763" cde_ver="1.000" xsd_ver="1.9" tier="2" owner="TSS" procurement_status="Completed" restricted="false" source_system_identifier="3068427">Preoperative</clin_shared:performance_status_scale_timing>
        <clin_shared:radiation_therapy preferred_name="radiation_treatment_adjuvant" display_order="70" cde="2005312" cde_ver="4.000" xsd_ver="1.9" tier="1" owner="TSS" procurement_status="Completed" restricted="false" source_system_identifier="3068432">NO</clin_shared:radiation_therapy>
        <lgg:tumor_location preferred_name="tumor_site" display_order="8" cde="3139375" cde_ver="1.000" xsd_ver="2.3" tier="1" owner="TSS" procurement_status="Completed" restricted="false" source_system_identifier="3068370">Supratentorial, Frontal Lobe</lgg:tumor_location>
        <shared:neoplasm_histologic_grade preferred_name="tumor_grade" display_order="6" cde="2785839" cde_ver="2.000" xsd_ver="2.5" tier="2" owner="TSS" procurement_status="Completed" restricted="false" source_system_identifier="3068368">G2</shared:neoplasm_histologic_grade>
        <lgg:supratentorial_localization preferred_name="supratentorial_localization" display_order="9" cde="3133891" cde_ver="1.000" xsd_ver="2.3" tier="2" owner="TSS" procurement_status="Completed" restricted="false" source_system_identifier="3068371">Cerebral Cortex</lgg:supratentorial_localization>
        <lgg:seizure_history preferred_name="history_seizures" display_order="25" cde="3121333" cde_ver="1.000" xsd_ver="2.3" tier="2" owner="TSS" procurement_status="Completed" restricted="false" source_system_identifier="3068387">NO</lgg:seizure_history>
        <clin_shared:laterality preferred_name="laterality" display_order="7" cde="827" cde_ver="3.000" xsd_ver="2.1" tier="2" owner="TSS" procurement_status="Completed" restricted="false" source_system_identifier="3068369">Right</clin_shared:laterality>
        <lgg:headache_history preferred_name="history_headaches" display_order="26" cde="3121345" cde_ver="1.000" xsd_ver="2.3" tier="2" owner="TSS" procurement_status="Completed" restricted="false" source_system_identifier="3068388">NO</lgg:headache_history>
        <lgg:mental_status_changes preferred_name="symp_changes_mental_status" display_order="27" cde="3121352" cde_ver="1.000" xsd_ver="2.3" tier="2" owner="TSS" procurement_status="Completed" restricted="false" source_system_identifier="3068389">NO</lgg:mental_status_changes>
        <lgg:visual_changes preferred_name="symp_changes_visual" display_order="28" cde="3121359" cde_ver="1.000" xsd_ver="2.3" tier="2" owner="TSS" procurement_status="Completed" restricted="false" source_system_identifier="3068390">NO</lgg:visual_changes>
        <lgg:sensory_changes preferred_name="symp_changes_sensory" display_order="29" cde="3121365" cde_ver="1.000" xsd_ver="2.3" tier="2" owner="TSS" procurement_status="Completed" restricted="false" source_system_identifier="3068391">YES</lgg:sensory_changes>
        <lgg:motor_movement_changes preferred_name="symp_changes_motor_movement" display_order="30" cde="3120991" cde_ver="1.000" xsd_ver="2.3" tier="2" owner="TSS" procurement_status="Completed" restricted="false" source_system_identifier="3068392">NO</lgg:motor_movement_changes>
        <lgg:first_presenting_symptom preferred_name="related_symptom_first_present" display_order="31" cde="3133911" cde_ver="1.000" xsd_ver="2.3" tier="2" owner="TSS" procurement_status="Completed" restricted="false" source_system_identifier="3068393">Sensory Changes</lgg:first_presenting_symptom>
        <lgg:first_presenting_symptom_longest_duration preferred_name="first_symptom_longest_duration" display_order="32" cde="3121001" cde_ver="1.000" xsd_ver="2.3" tier="2" owner="TSS" procurement_status="Completed" restricted="false" source_system_identifier="3068394">> 181 Days</lgg:first_presenting_symptom_longest_duration>
        <lgg:asthma_history preferred_name="history_asthma" display_order="33" cde="3133921" cde_ver="1.000" xsd_ver="2.3" tier="2" owner="TSS" procurement_status="Completed" restricted="false" source_system_identifier="3068395">NO</lgg:asthma_history>
        <lgg:eczema_history preferred_name="history_eczema" display_order="34" cde="3133925" cde_ver="1.000" xsd_ver="2.3" tier="2" owner="TSS" procurement_status="Completed" restricted="false" source_system_identifier="3068396">NO</lgg:eczema_history>
        <lgg:hay_fever_history preferred_name="histor_hay_fever" display_order="35" cde="3133930" cde_ver="1.000" xsd_ver="2.3" tier="2" owner="TSS" procurement_status="Completed" restricted="false" source_system_identifier="3068397">NO</lgg:hay_fever_history>
        <lgg:mold_or_dust_allergy_history preferred_name="history_dust_mold_allergy" display_order="36" cde="3133934" cde_ver="1.000" xsd_ver="2.3" tier="2" owner="TSS" procurement_status="Completed" restricted="false" source_system_identifier="3068398">NO</lgg:mold_or_dust_allergy_history>
        <lgg:first_diagnosis_age_asth_ecz_hay_fev_mold_dust preferred_name="asthma_eczema_allergy_first_dx" display_order="37" cde="3121273" cde_ver="1.000" xsd_ver="2.3" tier="2" owner="TSS" procurement_status="Not Available" restricted="false" source_system_identifier="3068399"/>
        <lgg:food_allergy_history preferred_name="allergy_food_dx_indicator" display_order="38" cde="3121278" cde_ver="1.000" xsd_ver="2.3" tier="2" owner="TSS" procurement_status="Completed" restricted="false" source_system_identifier="3068400">NO</lgg:food_allergy_history>
        <lgg:food_allergy_types preferred_name="allergy_food_dx_type" display_order="39" cde="3121280" cde_ver="1.000" xsd_ver="2.3" tier="2" owner="TSS" procurement_status="Not Available" restricted="false" source_system_identifier="3068401"/>
        <lgg:first_diagnosis_age_of_food_allergy preferred_name="allergy_food_dx_age" display_order="40" cde="3121301" cde_ver="1.000" xsd_ver="2.3" tier="2" owner="TSS" procurement_status="Not Available" restricted="false" source_system_identifier="3068402"/>
        <lgg:animal_insect_allergy_history preferred_name="allergy_animals_insects_dx_indicator" display_order="41" cde="3121314" cde_ver="1.000" xsd_ver="2.3" tier="2" owner="TSS" procurement_status="Completed" restricted="false" source_system_identifier="3068403">NO</lgg:animal_insect_allergy_history>
        <lgg:animal_insect_allergy_types preferred_name="allergy_animals_insects_dx_type" display_order="42" cde="3121316" cde_ver="1.000" xsd_ver="2.3" tier="2" owner="TSS" procurement_status="Not Available" restricted="false" source_system_identifier="3068404"/>
        <lgg:first_diagnosis_age_of_animal_insect_allergy preferred_name="allergy_animals_insects_dx_age" display_order="43" cde="3121318" cde_ver="1.000" xsd_ver="2.3" tier="2" owner="TSS" procurement_status="Not Available" restricted="false" source_system_identifier="3068405"/>
        <lgg:preoperative_corticosteroids preferred_name="history_neoadjuvant_steroid_tx" display_order="44" cde="3121323" cde_ver="1.000" xsd_ver="2.3" tier="2" owner="TSS" procurement_status="Completed" restricted="false" source_system_identifier="3068406">YES</lgg:preoperative_corticosteroids>
        <lgg:preoperative_antiseizure_meds preferred_name="history_neoadjuvant_medication" display_order="45" cde="3121328" cde_ver="1.000" xsd_ver="2.3" tier="2" owner="TSS" procurement_status="Completed" restricted="false" source_system_identifier="3068407">YES</lgg:preoperative_antiseizure_meds>
        <lgg:family_history_of_cancer preferred_name="family_history_cancer_indicator" display_order="56" cde="2436860" cde_ver="1.000" xsd_ver="2.3" tier="2" owner="TSS" procurement_status="Unknown" restricted="false" source_system_identifier="3068418"/>
        <lgg:family_history_of_primary_brain_tumor preferred_name="family_history_brain_tumor" display_order="57" cde="3133957" cde_ver="1.000" xsd_ver="2.3" tier="2" owner="TSS" procurement_status="Unknown" restricted="false" source_system_identifier="3068419"/>
        <lgg:ldh1_mutation_tested preferred_name="idh1_mutation_test_indicator" display_order="58" cde="3133962" cde_ver="1.000" xsd_ver="2.3" tier="2" owner="TSS" procurement_status="Completed" restricted="false" source_system_identifier="3068420">NO</lgg:ldh1_mutation_tested>
        <lgg:ldh1_mutation_test_method preferred_name="idh1_mutation_test_method" display_order="59" cde="3133963" cde_ver="1.000" xsd_ver="2.3" tier="2" owner="TSS" procurement_status="Not Available" restricted="false" source_system_identifier="3068421"/>
        <lgg:ldh1_mutation_found preferred_name="idh1_mutation_found" display_order="60" cde="3133967" cde_ver="1.000" xsd_ver="2.3" tier="2" owner="TSS" procurement_status="Not Available" restricted="false" source_system_identifier="3068422"/>
        <lgg:inherited_genetic_syndrome_found preferred_name="inherited_genetic_syndrome_indicator" display_order="61" cde="3133971" cde_ver="1.000" xsd_ver="2.3" tier="2" owner="TSS" procurement_status="Unknown" restricted="false" source_system_identifier="3068423"/>
        <lgg:inherited_genetic_syndrome_result preferred_name="inherited_genetic_syndrome_specified" display_order="62" cde="3133974" cde_ver="1.000" xsd_ver="2.3" tier="2" owner="TSS" procurement_status="Not Available" restricted="false" source_system_identifier="3068424"/>
        <clin_shared:karnofsky_performance_score preferred_name="karnofsky_score" display_order="63" cde="2003853" cde_ver="4.200" xsd_ver="1.8" tier="2" owner="TSS" procurement_status="Completed" restricted="false" source_system_identifier="3068425">100</clin_shared:karnofsky_performance_score>
        <clin_shared:eastern_cancer_oncology_group preferred_name="ecog_score" display_order="64" cde="88" cde_ver="5.100" xsd_ver="1.9" tier="2" owner="TSS" procurement_status="Completed" restricted="false" source_system_identifier="3068426">0</clin_shared:eastern_cancer_oncology_group>
        <clin_shared:days_to_performance_status_assessment precision="day" xsd_ver="2.5" tier="2" cde="3479270" owner="TSS" procurement_status="Completed" preferred_name="performance_status_days_to" display_order="69" cde_ver="1.000">-4</clin_shared:days_to_performance_status_assessment>
        <clin_shared:postoperative_rx_tx preferred_name="pharmaceutical_tx_adjuvant" display_order="71" cde="3397567" cde_ver="1.000" xsd_ver="2.5" tier="2" owner="TSS" procurement_status="Completed" restricted="false" source_system_identifier="3068433">YES</clin_shared:postoperative_rx_tx>
        <clin_shared:primary_therapy_outcome_success preferred_name="treatment_outcome_first_course" display_order="72" cde="2786727" cde_ver="3.000" xsd_ver="2.5" tier="2" owner="TSS" procurement_status="Completed" restricted="false" source_system_identifier="3068434">Partial Remission/Response</clin_shared:primary_therapy_outcome_success>
        <lgg_nte:new_tumor_events>
            <nte:new_tumor_event_after_initial_treatment preferred_name="new_tumor_event_dx_indicator" display_order="73" cde="3121376" cde_ver="1.000" xsd_ver="2.5" tier="1" owner="TSS" procurement_status="Completed" restricted="false" source_system_identifier="3068435">NO</nte:new_tumor_event_after_initial_treatment>
            <lgg_nte:new_tumor_event>
                <nte:days_to_new_tumor_event_after_initial_treatment precision="day" xsd_ver="2.2" tier="1" cde="3392464" owner="TSS" procurement_status="Not Available" preferred_name="new_tumor_event_dx_days_to" display_order="77" cde_ver="1.000"/>
                <lgg_nte:locoregional_procedure>
                    <nte:additional_surgery_locoregional_procedure preferred_name="new_tumor_event_surgery" display_order="78" cde="3008755" cde_ver="1.000" xsd_ver="2.2" tier="2" owner="TSS" procurement_status="Not Available" restricted="false" source_system_identifier="3068440"/>
                    <nte:days_to_additional_surgery_locoregional_procedure precision="day" xsd_ver="2.2" tier="2" cde="3408572" owner="TSS" procurement_status="Not Available" preferred_name="new_tumor_event_surgery_days_to_loco" display_order="82" cde_ver="1.000"/>
                </lgg_nte:locoregional_procedure>
                <lgg_nte:metastatic_procedure>
                    <nte:additional_surgery_metastatic_procedure preferred_name="new_tumor_event_surgery_met" display_order="83" cde="3008757" cde_ver="1.000" xsd_ver="2.2" tier="2" owner="TSS" procurement_status="Not Available" restricted="false" source_system_identifier="3068445"/>
                    <nte:days_to_additional_surgery_metastatic_procedure precision="day" xsd_ver="2.2" tier="2" cde="3408682" owner="TSS" procurement_status="Not Available" preferred_name="new_tumor_event_surgery_days_to_met" display_order="87" cde_ver="1.000"/>
                </lgg_nte:metastatic_procedure>
                <nte:additional_radiation_therapy preferred_name="new_tumor_event_radiation_tx" display_order="88" cde="3427615" cde_ver="1.000" xsd_ver="2.5" tier="2" owner="TSS" procurement_status="Not Available" restricted="false" source_system_identifier="3068450"/>
                <nte:additional_pharmaceutical_therapy preferred_name="new_tumor_event_pharmaceutical_tx" display_order="89" cde="3427616" cde_ver="1.000" xsd_ver="2.5" tier="2" owner="TSS" procurement_status="Not Available" restricted="false" source_system_identifier="3068451"/>
            </lgg_nte:new_tumor_event>
        </lgg_nte:new_tumor_events>
        <rx:drugs>
            <rx:drug>
                <rx:tx_on_clinical_trial preferred_name="" display_order="9999" cde="3925111" cde_ver="" xsd_ver="2.5" tier="2" owner="TSS" procurement_status="Completed" restricted="false" source_system_identifier="3305417">NO</rx:tx_on_clinical_trial>
                <rx:regimen_number preferred_name="" display_order="9999" cde="2744948" cde_ver="" xsd_ver="2.1" tier="2" owner="TSS" procurement_status="Not Available" restricted="false"/>
                <rx:bcr_drug_barcode xsd_ver="1.15" owner="TSS" procurement_status="Completed" restricted="false">TCGA-S9-A6WE-D54274</rx:bcr_drug_barcode>
                <rx:bcr_drug_uuid preferred_name="" display_order="9999" cde="" cde_ver="" xsd_ver="2.3" owner="TSS" procurement_status="Completed" restricted="false">E164A769-7AB9-4E57-BC46-B974EFBE174A</rx:bcr_drug_uuid>
                <rx:total_dose preferred_name="total_dose" display_order="999" cde="1515" cde_ver="4.000" xsd_ver="2.1" tier="2" owner="TSS" procurement_status="Not Available" restricted="false"/>
                <rx:total_dose_units preferred_name="pharmaceutical_tx_total_dose_units" display_order="999" cde="3088785" cde_ver="1.000" xsd_ver="2.1" tier="2" owner="TSS" procurement_status="Not Available" restricted="false"/>
                <rx:prescribed_dose preferred_name="prescribed_dose" display_order="999" cde="2184728" cde_ver="1.000" xsd_ver="2.1" tier="2" owner="TSS" procurement_status="Not Available" restricted="false"/>
                <rx:prescribed_dose_units preferred_name="pharmaceutical_tx_dose_units" display_order="999" cde="3065815" cde_ver="1.000" xsd_ver="2.1" tier="2" owner="TSS" procurement_status="Not Available" restricted="false"/>
                <rx:number_cycles preferred_name="pharma_adjuvant_cycles_count" display_order="999" cde="62590" cde_ver="3.000" xsd_ver="1.8" tier="2" owner="TSS" procurement_status="Not Available" restricted="false"/>
                <rx:days_to_drug_therapy_start precision="day" xsd_ver="1.12" tier="2" cde="3392465" owner="TSS" procurement_status="Completed" preferred_name="pharmaceutical_tx_started_days_to" display_order="26" cde_ver="1.000">8</rx:days_to_drug_therapy_start>
                <rx:days_to_drug_therapy_end precision="day" xsd_ver="1.12" tier="2" cde="3392470" owner="TSS" procurement_status="Not Available" preferred_name="pharmaceutical_tx_ended_days_to" display_order="16" cde_ver="1.000"/>
                <rx:therapy_types>
                    <rx:therapy_type preferred_name="pharmaceutical_therapy_type" display_order="7" cde="2793530" cde_ver="1.000" xsd_ver="2.1" tier="2" owner="TSS" procurement_status="Completed" restricted="false" source_system_identifier="3305420">Chemotherapy</rx:therapy_type>
                    <rx:therapy_type_notes preferred_name="pharma_type_other" display_order="999" cde="2001762" cde_ver="4.000" xsd_ver="2.1" tier="2" owner="TSS" procurement_status="Not Available" restricted="false"/>
                </rx:therapy_types>
                <rx:drug_name preferred_name="pharmaceutical_therapy_drug_name" display_order="22" cde="2975232" cde_ver="1.000" xsd_ver="1.10" tier="1" owner="TSS" procurement_status="Completed" restricted="false" source_system_identifier="3305418">Temozolamide</rx:drug_name>
                <rx:clinical_trail_drug_classification preferred_name="clinical_trial_drug_classification" display_order="6" cde="3378323" cde_ver="1.000" xsd_ver="2.5" tier="2" owner="TSS" procurement_status="Not Available" restricted="false" source_system_identifier="3305419"/>
                <clin_shared:regimen_indication preferred_name="therapy_regimen" display_order="999" cde="2793511" cde_ver="1.000" xsd_ver="1.12" tier="2" owner="TSS" procurement_status="Not Available" restricted="false"/>
                <clin_shared:regimen_indication_notes preferred_name="therapy_regimen_other" display_order="999" cde="2793516" cde_ver="1.000" xsd_ver="1.12" tier="2" owner="TSS" procurement_status="Not Applicable" restricted="false"/>
                <rx:route_of_administrations>
                    <rx:route_of_administration preferred_name="route_of_administration" display_order="999" cde="2003586" cde_ver="6.000" xsd_ver="2.3" tier="2" owner="TSS" procurement_status="Not Available" restricted="false"/>
                </rx:route_of_administrations>
                <rx:therapy_ongoing preferred_name="pharmaceutical_tx_ongoing_indicator" display_order="12" cde="3103479" cde_ver="1.000" xsd_ver="2.2" tier="2" owner="TSS" procurement_status="Completed" restricted="false" source_system_identifier="3305425">NO</rx:therapy_ongoing>
                <clin_shared:measure_of_response preferred_name="treatment_best_response" display_order="17" cde="2857291" cde_ver="1.000" xsd_ver="2.5" tier="2" owner="TSS" procurement_status="Not Available" restricted="false" source_system_identifier="3305430"/>
                <clin_shared:day_of_form_completion preferred_name="form_completion_day" display_order="999" cde="2975716" cde_ver="1.000" xsd_ver="2.2" tier="2" owner="TSS" procurement_status="Completed" restricted="false">18</clin_shared:day_of_form_completion>
                <clin_shared:month_of_form_completion preferred_name="form_completion_month" display_order="999" cde="2975718" cde_ver="1.000" xsd_ver="2.2" tier="2" owner="TSS" procurement_status="Completed" restricted="false">12</clin_shared:month_of_form_completion>
                <clin_shared:year_of_form_completion preferred_name="form_completion_year" display_order="999" cde="2975720" cde_ver="1.000" xsd_ver="2.2" tier="2" owner="TSS" procurement_status="Completed" restricted="false">2013</clin_shared:year_of_form_completion>
            </rx:drug>
        </rx:drugs>
        <rad:radiations/>
        <lgg:follow_ups>
            <follow_up_v1.0:follow_up version="1.0" sequence="1">
                <clin_shared:bcr_followup_barcode preferred_name="" display_order="9999" cde="" cde_ver="" xsd_ver="2.5" owner="TSS" procurement_status="Completed" restricted="false">TCGA-S9-A6WE-F67225</clin_shared:bcr_followup_barcode>
                <clin_shared:bcr_followup_uuid preferred_name="" display_order="9999" cde="" cde_ver="" xsd_ver="2.5" owner="TSS" procurement_status="Completed" restricted="false">725BCE31-0E9D-4C21-BC79-1EE2A41FD808</clin_shared:bcr_followup_uuid>
                <clin_shared:lost_follow_up preferred_name="followup_lost_to" display_order="5" cde="61333" cde_ver="3.000" xsd_ver="2.5" tier="1" owner="TSS" procurement_status="Completed" restricted="false" source_system_identifier="3952100">YES</clin_shared:lost_follow_up>
                <clin_shared:vital_status preferred_name="vital_status" display_order="46" cde="5" cde_ver="5.000" xsd_ver="2.6" tier="1" owner="TSS" procurement_status="Completed" restricted="false" source_system_identifier="3952104">Alive</clin_shared:vital_status>
                <clin_shared:primary_therapy_outcome_success preferred_name="treatment_outcome_first_course" display_order="72" cde="2786727" cde_ver="3.000" xsd_ver="2.5" tier="2" owner="TSS" procurement_status="Completed" restricted="false" source_system_identifier="3952103">Partial Remission/Response</clin_shared:primary_therapy_outcome_success>
                <clin_shared:days_to_last_followup precision="day" xsd_ver="1.12" tier="1" cde="3008273" owner="TSS" procurement_status="Completed" preferred_name="last_contact_days_to" display_order="50" cde_ver="1.000">2208</clin_shared:days_to_last_followup>
                <clin_shared:days_to_death precision="day" xsd_ver="1.12" tier="1" cde="3165475" owner="TSS" procurement_status="Not Applicable" preferred_name="death_days_to" display_order="54" cde_ver="1.000"/>
                <nte:new_tumor_event_after_initial_treatment preferred_name="new_tumor_event_dx_indicator" display_order="73" cde="3121376" cde_ver="1.000" xsd_ver="2.5" tier="1" owner="TSS" procurement_status="Unknown" restricted="false" source_system_identifier="3952114"/>
                <nte:days_to_new_tumor_event_after_initial_treatment precision="day" xsd_ver="2.2" tier="1" cde="3392464" owner="TSS" procurement_status="Not Available" preferred_name="new_tumor_event_dx_days_to" display_order="77" cde_ver="1.000"/>
                <nte:additional_surgery_locoregional_procedure preferred_name="new_tumor_event_surgery" display_order="78" cde="3008755" cde_ver="1.000" xsd_ver="2.2" tier="2" owner="TSS" procurement_status="Not Available" restricted="false" source_system_identifier="3952119"/>
                <nte:days_to_additional_surgery_locoregional_procedure precision="day" xsd_ver="2.2" tier="2" cde="3408572" owner="TSS" procurement_status="Not Available" preferred_name="new_tumor_event_surgery_days_to_loco" display_order="82" cde_ver="1.000"/>
                <clin_shared:person_neoplasm_cancer_status preferred_name="tumor_status" display_order="55" cde="2759550" cde_ver="1.000" xsd_ver="1.9" tier="2" owner="TSS" procurement_status="Completed" restricted="false" source_system_identifier="3952113">WITH TUMOR</clin_shared:person_neoplasm_cancer_status>
                <nte:new_neoplasm_event_type preferred_name="new_tumor_event_type" display_order="9999" cde="3119721" cde_ver="1.000" xsd_ver="2.5" tier="2" owner="TSS" procurement_status="Not Available" restricted="false"/>
                <clin_shared:patient_death_reason preferred_name="cause_of_death" display_order="9999" cde="2554674" cde_ver="2.000" xsd_ver="2.5" tier="2" owner="TSS" procurement_status="Not Available" restricted="false"/>
                <nte:additional_pharmaceutical_therapy preferred_name="new_tumor_event_pharmaceutical_tx" display_order="89" cde="3427616" cde_ver="1.000" xsd_ver="2.5" tier="2" owner="TSS" procurement_status="Unknown" restricted="false" source_system_identifier="3952130"/>
                <nte:additional_radiation_therapy preferred_name="new_tumor_event_radiation_tx" display_order="88" cde="3427615" cde_ver="1.000" xsd_ver="2.5" tier="2" owner="TSS" procurement_status="Unknown" restricted="false" source_system_identifier="3952129"/>
                <clin_shared:day_of_form_completion preferred_name="form_completion_day" display_order="999" cde="2975716" cde_ver="1.000" xsd_ver="2.2" tier="2" owner="TSS" procurement_status="Completed" restricted="false">3</clin_shared:day_of_form_completion>
                <clin_shared:month_of_form_completion preferred_name="form_completion_month" display_order="999" cde="2975718" cde_ver="1.000" xsd_ver="2.2" tier="2" owner="TSS" procurement_status="Completed" restricted="false">11</clin_shared:month_of_form_completion>
                <clin_shared:year_of_form_completion preferred_name="form_completion_year" display_order="999" cde="2975720" cde_ver="1.000" xsd_ver="2.2" tier="2" owner="TSS" procurement_status="Completed" restricted="false">2014</clin_shared:year_of_form_completion>
                <clin_shared:followup_case_report_form_submission_reason preferred_name="followup_reason" display_order="4" cde="3233305" cde_ver="1.000" xsd_ver="2.5" tier="2" owner="TSS" procurement_status="Completed" restricted="false" source_system_identifier="3952099">Scheduled Follow-up Submission</clin_shared:followup_case_report_form_submission_reason>
                <clin_shared:karnofsky_performance_score preferred_name="karnofsky_score" display_order="63" cde="2003853" cde_ver="4.200" xsd_ver="1.8" tier="2" owner="TSS" procurement_status="Not Available" restricted="false"/>
                <clin_shared:eastern_cancer_oncology_group preferred_name="ecog_score" display_order="64" cde="88" cde_ver="5.100" xsd_ver="1.9" tier="2" owner="TSS" procurement_status="Not Available" restricted="false"/>
                <clin_shared:performance_status_scale_timing preferred_name="performance_status_timing" display_order="65" cde="2792763" cde_ver="1.000" xsd_ver="1.9" tier="2" owner="TSS" procurement_status="Not Available" restricted="false"/>
                <clin_shared:followup_treatment_success preferred_name="treatment_outcome_at_tcga_followup" display_order="36" cde="3104050" cde_ver="2.000" xsd_ver="2.5" tier="2" owner="TSS" procurement_status="Unknown" restricted="false" source_system_identifier="3952131"/>
                <clin_shared:postoperative_rx_tx preferred_name="pharmaceutical_tx_adjuvant" display_order="71" cde="3397567" cde_ver="1.000" xsd_ver="2.5" tier="2" owner="TSS" procurement_status="Completed" restricted="false" source_system_identifier="3952102">YES</clin_shared:postoperative_rx_tx>
                <clin_shared:radiation_therapy preferred_name="radiation_treatment_adjuvant" display_order="70" cde="2005312" cde_ver="4.000" xsd_ver="1.9" tier="1" owner="TSS" procurement_status="Completed" restricted="false" source_system_identifier="3952101">NO</clin_shared:radiation_therapy>
                <clin_shared:days_to_performance_status_assessment precision="day" xsd_ver="2.5" tier="2" cde="3479270" owner="TSS" procurement_status="Not Available" preferred_name="performance_status_days_to" display_order="69" cde_ver="1.000"/>
                <nte:additional_surgery_metastatic_procedure preferred_name="new_tumor_event_surgery_met" display_order="83" cde="3008757" cde_ver="1.000" xsd_ver="2.2" tier="2" owner="TSS" procurement_status="Not Available" restricted="false" source_system_identifier="3952124"/>
                <nte:days_to_additional_surgery_metastatic_procedure precision="day" xsd_ver="2.2" tier="2" cde="3408682" owner="TSS" procurement_status="Not Available" preferred_name="new_tumor_event_surgery_days_to_met" display_order="87" cde_ver="1.000"/>
            </follow_up_v1.0:follow_up>
            <follow_up_v1.0:follow_up version="1.0" sequence="2">
                <clin_shared:bcr_followup_barcode preferred_name="" display_order="9999" cde="" cde_ver="" xsd_ver="2.5" owner="TSS" procurement_status="Completed" restricted="false">TCGA-S9-A6WE-F69987</clin_shared:bcr_followup_barcode>
                <clin_shared:bcr_followup_uuid preferred_name="" display_order="9999" cde="" cde_ver="" xsd_ver="2.5" owner="TSS" procurement_status="Completed" restricted="false">D0AE820D-8138-41F1-8DB8-6C84416F2A65</clin_shared:bcr_followup_uuid>
                <clin_shared:lost_follow_up preferred_name="followup_lost_to" display_order="5" cde="61333" cde_ver="3.000" xsd_ver="2.5" tier="1" owner="TSS" procurement_status="Completed" restricted="false" source_system_identifier="4073565">YES</clin_shared:lost_follow_up>
                <clin_shared:vital_status preferred_name="vital_status" display_order="46" cde="5" cde_ver="5.000" xsd_ver="2.6" tier="1" owner="TSS" procurement_status="Completed" restricted="false" source_system_identifier="4073569">Alive</clin_shared:vital_status>
                <clin_shared:primary_therapy_outcome_success preferred_name="treatment_outcome_first_course" display_order="72" cde="2786727" cde_ver="3.000" xsd_ver="2.5" tier="2" owner="TSS" procurement_status="Completed" restricted="false" source_system_identifier="4073568">Partial Remission/Response</clin_shared:primary_therapy_outcome_success>
                <clin_shared:days_to_last_followup precision="day" xsd_ver="1.12" tier="1" cde="3008273" owner="TSS" procurement_status="Completed" preferred_name="last_contact_days_to" display_order="50" cde_ver="1.000">2208</clin_shared:days_to_last_followup>
                <clin_shared:days_to_death precision="day" xsd_ver="1.12" tier="1" cde="3165475" owner="TSS" procurement_status="Not Applicable" preferred_name="death_days_to" display_order="54" cde_ver="1.000"/>
                <nte:new_tumor_event_after_initial_treatment preferred_name="new_tumor_event_dx_indicator" display_order="73" cde="3121376" cde_ver="1.000" xsd_ver="2.5" tier="1" owner="TSS" procurement_status="Unknown" restricted="false" source_system_identifier="4073579"/>
                <nte:days_to_new_tumor_event_after_initial_treatment precision="day" xsd_ver="2.2" tier="1" cde="3392464" owner="TSS" procurement_status="Not Available" preferred_name="new_tumor_event_dx_days_to" display_order="77" cde_ver="1.000"/>
                <nte:additional_surgery_locoregional_procedure preferred_name="new_tumor_event_surgery" display_order="78" cde="3008755" cde_ver="1.000" xsd_ver="2.2" tier="2" owner="TSS" procurement_status="Not Available" restricted="false" source_system_identifier="4073584"/>
                <nte:days_to_additional_surgery_locoregional_procedure precision="day" xsd_ver="2.2" tier="2" cde="3408572" owner="TSS" procurement_status="Not Available" preferred_name="new_tumor_event_surgery_days_to_loco" display_order="82" cde_ver="1.000"/>
                <clin_shared:person_neoplasm_cancer_status preferred_name="tumor_status" display_order="55" cde="2759550" cde_ver="1.000" xsd_ver="1.9" tier="2" owner="TSS" procurement_status="Completed" restricted="false" source_system_identifier="4073578">WITH TUMOR</clin_shared:person_neoplasm_cancer_status>
                <nte:new_neoplasm_event_type preferred_name="new_tumor_event_type" display_order="9999" cde="3119721" cde_ver="1.000" xsd_ver="2.5" tier="2" owner="TSS" procurement_status="Not Available" restricted="false"/>
                <clin_shared:patient_death_reason preferred_name="cause_of_death" display_order="9999" cde="2554674" cde_ver="2.000" xsd_ver="2.5" tier="2" owner="TSS" procurement_status="Not Available" restricted="false"/>
                <nte:additional_pharmaceutical_therapy preferred_name="new_tumor_event_pharmaceutical_tx" display_order="89" cde="3427616" cde_ver="1.000" xsd_ver="2.5" tier="2" owner="TSS" procurement_status="Unknown" restricted="false" source_system_identifier="4073595"/>
                <nte:additional_radiation_therapy preferred_name="new_tumor_event_radiation_tx" display_order="88" cde="3427615" cde_ver="1.000" xsd_ver="2.5" tier="2" owner="TSS" procurement_status="Unknown" restricted="false" source_system_identifier="4073594"/>
                <clin_shared:day_of_form_completion preferred_name="form_completion_day" display_order="999" cde="2975716" cde_ver="1.000" xsd_ver="2.2" tier="2" owner="TSS" procurement_status="Completed" restricted="false">26</clin_shared:day_of_form_completion>
                <clin_shared:month_of_form_completion preferred_name="form_completion_month" display_order="999" cde="2975718" cde_ver="1.000" xsd_ver="2.2" tier="2" owner="TSS" procurement_status="Completed" restricted="false">1</clin_shared:month_of_form_completion>
                <clin_shared:year_of_form_completion preferred_name="form_completion_year" display_order="999" cde="2975720" cde_ver="1.000" xsd_ver="2.2" tier="2" owner="TSS" procurement_status="Completed" restricted="false">2015</clin_shared:year_of_form_completion>
                <clin_shared:followup_case_report_form_submission_reason preferred_name="followup_reason" display_order="4" cde="3233305" cde_ver="1.000" xsd_ver="2.5" tier="2" owner="TSS" procurement_status="Completed" restricted="false" source_system_identifier="4073564">Scheduled Follow-up Submission</clin_shared:followup_case_report_form_submission_reason>
                <clin_shared:karnofsky_performance_score preferred_name="karnofsky_score" display_order="63" cde="2003853" cde_ver="4.200" xsd_ver="1.8" tier="2" owner="TSS" procurement_status="Not Available" restricted="false"/>
                <clin_shared:eastern_cancer_oncology_group preferred_name="ecog_score" display_order="64" cde="88" cde_ver="5.100" xsd_ver="1.9" tier="2" owner="TSS" procurement_status="Not Available" restricted="false"/>
                <clin_shared:performance_status_scale_timing preferred_name="performance_status_timing" display_order="65" cde="2792763" cde_ver="1.000" xsd_ver="1.9" tier="2" owner="TSS" procurement_status="Not Available" restricted="false"/>
                <clin_shared:followup_treatment_success preferred_name="treatment_outcome_at_tcga_followup" display_order="36" cde="3104050" cde_ver="2.000" xsd_ver="2.5" tier="2" owner="TSS" procurement_status="Unknown" restricted="false" source_system_identifier="4073596"/>
                <clin_shared:postoperative_rx_tx preferred_name="pharmaceutical_tx_adjuvant" display_order="71" cde="3397567" cde_ver="1.000" xsd_ver="2.5" tier="2" owner="TSS" procurement_status="Completed" restricted="false" source_system_identifier="4073567">YES</clin_shared:postoperative_rx_tx>
                <clin_shared:radiation_therapy preferred_name="radiation_treatment_adjuvant" display_order="70" cde="2005312" cde_ver="4.000" xsd_ver="1.9" tier="1" owner="TSS" procurement_status="Completed" restricted="false" source_system_identifier="4073566">NO</clin_shared:radiation_therapy>
                <clin_shared:days_to_performance_status_assessment precision="day" xsd_ver="2.5" tier="2" cde="3479270" owner="TSS" procurement_status="Not Available" preferred_name="performance_status_days_to" display_order="69" cde_ver="1.000"/>
                <nte:additional_surgery_metastatic_procedure preferred_name="new_tumor_event_surgery_met" display_order="83" cde="3008757" cde_ver="1.000" xsd_ver="2.2" tier="2" owner="TSS" procurement_status="Not Available" restricted="false" source_system_identifier="4073589"/>
                <nte:days_to_additional_surgery_metastatic_procedure precision="day" xsd_ver="2.2" tier="2" cde="3408682" owner="TSS" procurement_status="Not Available" preferred_name="new_tumor_event_surgery_days_to_met" display_order="87" cde_ver="1.000"/>
            </follow_up_v1.0:follow_up>
            <follow_up_v1.0:follow_up version="1.0" sequence="3">
                <clin_shared:bcr_followup_barcode preferred_name="" display_order="9999" cde="" cde_ver="" xsd_ver="2.5" owner="TSS" procurement_status="Completed" restricted="false">TCGA-S9-A6WE-F71263</clin_shared:bcr_followup_barcode>
                <clin_shared:bcr_followup_uuid preferred_name="" display_order="9999" cde="" cde_ver="" xsd_ver="2.5" owner="TSS" procurement_status="Completed" restricted="false">438EEE07-92A2-48EF-BDFA-8D83BEAB7792</clin_shared:bcr_followup_uuid>
                <clin_shared:lost_follow_up preferred_name="followup_lost_to" display_order="5" cde="61333" cde_ver="3.000" xsd_ver="2.5" tier="1" owner="TSS" procurement_status="Completed" restricted="false" source_system_identifier="4118904">YES</clin_shared:lost_follow_up>
                <clin_shared:vital_status preferred_name="vital_status" display_order="46" cde="5" cde_ver="5.000" xsd_ver="2.6" tier="1" owner="TSS" procurement_status="Completed" restricted="false" source_system_identifier="4118908">Alive</clin_shared:vital_status>
                <clin_shared:primary_therapy_outcome_success preferred_name="treatment_outcome_first_course" display_order="72" cde="2786727" cde_ver="3.000" xsd_ver="2.5" tier="2" owner="TSS" procurement_status="Completed" restricted="false" source_system_identifier="4118907">Partial Remission/Response</clin_shared:primary_therapy_outcome_success>
                <clin_shared:days_to_last_followup precision="day" xsd_ver="1.12" tier="1" cde="3008273" owner="TSS" procurement_status="Completed" preferred_name="last_contact_days_to" display_order="50" cde_ver="1.000">2208</clin_shared:days_to_last_followup>
                <clin_shared:days_to_death precision="day" xsd_ver="1.12" tier="1" cde="3165475" owner="TSS" procurement_status="Not Applicable" preferred_name="death_days_to" display_order="54" cde_ver="1.000"/>
                <nte:new_tumor_event_after_initial_treatment preferred_name="new_tumor_event_dx_indicator" display_order="73" cde="3121376" cde_ver="1.000" xsd_ver="2.5" tier="1" owner="TSS" procurement_status="Unknown" restricted="false" source_system_identifier="4118918"/>
                <nte:days_to_new_tumor_event_after_initial_treatment precision="day" xsd_ver="2.2" tier="1" cde="3392464" owner="TSS" procurement_status="Not Available" preferred_name="new_tumor_event_dx_days_to" display_order="77" cde_ver="1.000"/>
                <nte:additional_surgery_locoregional_procedure preferred_name="new_tumor_event_surgery" display_order="78" cde="3008755" cde_ver="1.000" xsd_ver="2.2" tier="2" owner="TSS" procurement_status="Not Available" restricted="false" source_system_identifier="4118923"/>
                <nte:days_to_additional_surgery_locoregional_procedure precision="day" xsd_ver="2.2" tier="2" cde="3408572" owner="TSS" procurement_status="Not Available" preferred_name="new_tumor_event_surgery_days_to_loco" display_order="82" cde_ver="1.000"/>
                <clin_shared:person_neoplasm_cancer_status preferred_name="tumor_status" display_order="55" cde="2759550" cde_ver="1.000" xsd_ver="1.9" tier="2" owner="TSS" procurement_status="Completed" restricted="false" source_system_identifier="4118917">WITH TUMOR</clin_shared:person_neoplasm_cancer_status>
                <nte:new_neoplasm_event_type preferred_name="new_tumor_event_type" display_order="9999" cde="3119721" cde_ver="1.000" xsd_ver="2.5" tier="2" owner="TSS" procurement_status="Not Available" restricted="false"/>
                <clin_shared:patient_death_reason preferred_name="cause_of_death" display_order="9999" cde="2554674" cde_ver="2.000" xsd_ver="2.5" tier="2" owner="TSS" procurement_status="Not Available" restricted="false"/>
                <nte:additional_pharmaceutical_therapy preferred_name="new_tumor_event_pharmaceutical_tx" display_order="89" cde="3427616" cde_ver="1.000" xsd_ver="2.5" tier="2" owner="TSS" procurement_status="Unknown" restricted="false" source_system_identifier="4118934"/>
                <nte:additional_radiation_therapy preferred_name="new_tumor_event_radiation_tx" display_order="88" cde="3427615" cde_ver="1.000" xsd_ver="2.5" tier="2" owner="TSS" procurement_status="Unknown" restricted="false" source_system_identifier="4118933"/>
                <clin_shared:day_of_form_completion preferred_name="form_completion_day" display_order="999" cde="2975716" cde_ver="1.000" xsd_ver="2.2" tier="2" owner="TSS" procurement_status="Completed" restricted="false">24</clin_shared:day_of_form_completion>
                <clin_shared:month_of_form_completion preferred_name="form_completion_month" display_order="999" cde="2975718" cde_ver="1.000" xsd_ver="2.2" tier="2" owner="TSS" procurement_status="Completed" restricted="false">3</clin_shared:month_of_form_completion>
                <clin_shared:year_of_form_completion preferred_name="form_completion_year" display_order="999" cde="2975720" cde_ver="1.000" xsd_ver="2.2" tier="2" owner="TSS" procurement_status="Completed" restricted="false">2015</clin_shared:year_of_form_completion>
                <clin_shared:followup_case_report_form_submission_reason preferred_name="followup_reason" display_order="4" cde="3233305" cde_ver="1.000" xsd_ver="2.5" tier="2" owner="TSS" procurement_status="Completed" restricted="false" source_system_identifier="4118903">Scheduled Follow-up Submission</clin_shared:followup_case_report_form_submission_reason>
                <clin_shared:karnofsky_performance_score preferred_name="karnofsky_score" display_order="63" cde="2003853" cde_ver="4.200" xsd_ver="1.8" tier="2" owner="TSS" procurement_status="Not Available" restricted="false"/>
                <clin_shared:eastern_cancer_oncology_group preferred_name="ecog_score" display_order="64" cde="88" cde_ver="5.100" xsd_ver="1.9" tier="2" owner="TSS" procurement_status="Not Available" restricted="false"/>
                <clin_shared:performance_status_scale_timing preferred_name="performance_status_timing" display_order="65" cde="2792763" cde_ver="1.000" xsd_ver="1.9" tier="2" owner="TSS" procurement_status="Not Available" restricted="false"/>
                <clin_shared:followup_treatment_success preferred_name="treatment_outcome_at_tcga_followup" display_order="36" cde="3104050" cde_ver="2.000" xsd_ver="2.5" tier="2" owner="TSS" procurement_status="Unknown" restricted="false" source_system_identifier="4118935"/>
                <clin_shared:postoperative_rx_tx preferred_name="pharmaceutical_tx_adjuvant" display_order="71" cde="3397567" cde_ver="1.000" xsd_ver="2.5" tier="2" owner="TSS" procurement_status="Completed" restricted="false" source_system_identifier="4118906">YES</clin_shared:postoperative_rx_tx>
                <clin_shared:radiation_therapy preferred_name="radiation_treatment_adjuvant" display_order="70" cde="2005312" cde_ver="4.000" xsd_ver="1.9" tier="1" owner="TSS" procurement_status="Completed" restricted="false" source_system_identifier="4118905">NO</clin_shared:radiation_therapy>
                <clin_shared:days_to_performance_status_assessment precision="day" xsd_ver="2.5" tier="2" cde="3479270" owner="TSS" procurement_status="Not Available" preferred_name="performance_status_days_to" display_order="69" cde_ver="1.000"/>
                <nte:additional_surgery_metastatic_procedure preferred_name="new_tumor_event_surgery_met" display_order="83" cde="3008757" cde_ver="1.000" xsd_ver="2.2" tier="2" owner="TSS" procurement_status="Not Available" restricted="false" source_system_identifier="4118928"/>
                <nte:days_to_additional_surgery_metastatic_procedure precision="day" xsd_ver="2.2" tier="2" cde="3408682" owner="TSS" procurement_status="Not Available" preferred_name="new_tumor_event_surgery_days_to_met" display_order="87" cde_ver="1.000"/>
            </follow_up_v1.0:follow_up>
            <follow_up_v1.0:follow_up version="1.0" sequence="4">
                <clin_shared:bcr_followup_barcode preferred_name="" display_order="9999" cde="" cde_ver="" xsd_ver="2.5" owner="TSS" procurement_status="Completed" restricted="false">TCGA-S9-A6WE-F72356</clin_shared:bcr_followup_barcode>
                <clin_shared:bcr_followup_uuid preferred_name="" display_order="9999" cde="" cde_ver="" xsd_ver="2.5" owner="TSS" procurement_status="Completed" restricted="false">E6ECB56D-713D-48FD-BF58-612FF8BC7DD8</clin_shared:bcr_followup_uuid>
                <clin_shared:lost_follow_up preferred_name="followup_lost_to" display_order="5" cde="61333" cde_ver="3.000" xsd_ver="2.5" tier="1" owner="TSS" procurement_status="Completed" restricted="false" source_system_identifier="4160208">NO</clin_shared:lost_follow_up>
                <clin_shared:vital_status preferred_name="vital_status" display_order="46" cde="5" cde_ver="5.000" xsd_ver="2.6" tier="1" owner="TSS" procurement_status="Completed" restricted="false" source_system_identifier="4160212">Alive</clin_shared:vital_status>
                <clin_shared:primary_therapy_outcome_success preferred_name="treatment_outcome_first_course" display_order="72" cde="2786727" cde_ver="3.000" xsd_ver="2.5" tier="2" owner="TSS" procurement_status="Completed" restricted="false" source_system_identifier="4160211">Partial Remission/Response</clin_shared:primary_therapy_outcome_success>
                <clin_shared:days_to_last_followup precision="day" xsd_ver="1.12" tier="1" cde="3008273" owner="TSS" procurement_status="Completed" preferred_name="last_contact_days_to" display_order="50" cde_ver="1.000">4113</clin_shared:days_to_last_followup>
                <clin_shared:days_to_death precision="day" xsd_ver="1.12" tier="1" cde="3165475" owner="TSS" procurement_status="Not Applicable" preferred_name="death_days_to" display_order="54" cde_ver="1.000"/>
                <nte:new_tumor_event_after_initial_treatment preferred_name="new_tumor_event_dx_indicator" display_order="73" cde="3121376" cde_ver="1.000" xsd_ver="2.5" tier="1" owner="TSS" procurement_status="Unknown" restricted="false" source_system_identifier="4160222"/>
                <nte:days_to_new_tumor_event_after_initial_treatment precision="day" xsd_ver="2.2" tier="1" cde="3392464" owner="TSS" procurement_status="Not Available" preferred_name="new_tumor_event_dx_days_to" display_order="77" cde_ver="1.000"/>
                <nte:additional_surgery_locoregional_procedure preferred_name="new_tumor_event_surgery" display_order="78" cde="3008755" cde_ver="1.000" xsd_ver="2.2" tier="2" owner="TSS" procurement_status="Not Available" restricted="false" source_system_identifier="4160227"/>
                <nte:days_to_additional_surgery_locoregional_procedure precision="day" xsd_ver="2.2" tier="2" cde="3408572" owner="TSS" procurement_status="Not Available" preferred_name="new_tumor_event_surgery_days_to_loco" display_order="82" cde_ver="1.000"/>
                <clin_shared:person_neoplasm_cancer_status preferred_name="tumor_status" display_order="55" cde="2759550" cde_ver="1.000" xsd_ver="1.9" tier="2" owner="TSS" procurement_status="Completed" restricted="false" source_system_identifier="4160221">WITH TUMOR</clin_shared:person_neoplasm_cancer_status>
                <nte:new_neoplasm_event_type preferred_name="new_tumor_event_type" display_order="9999" cde="3119721" cde_ver="1.000" xsd_ver="2.5" tier="2" owner="TSS" procurement_status="Not Available" restricted="false"/>
                <clin_shared:patient_death_reason preferred_name="cause_of_death" display_order="9999" cde="2554674" cde_ver="2.000" xsd_ver="2.5" tier="2" owner="TSS" procurement_status="Not Available" restricted="false"/>
                <nte:additional_pharmaceutical_therapy preferred_name="new_tumor_event_pharmaceutical_tx" display_order="89" cde="3427616" cde_ver="1.000" xsd_ver="2.5" tier="2" owner="TSS" procurement_status="Not Available" restricted="false" source_system_identifier="4160238"/>
                <nte:additional_radiation_therapy preferred_name="new_tumor_event_radiation_tx" display_order="88" cde="3427615" cde_ver="1.000" xsd_ver="2.5" tier="2" owner="TSS" procurement_status="Not Available" restricted="false" source_system_identifier="4160237"/>
                <clin_shared:day_of_form_completion preferred_name="form_completion_day" display_order="999" cde="2975716" cde_ver="1.000" xsd_ver="2.2" tier="2" owner="TSS" procurement_status="Completed" restricted="false">2</clin_shared:day_of_form_completion>
                <clin_shared:month_of_form_completion preferred_name="form_completion_month" display_order="999" cde="2975718" cde_ver="1.000" xsd_ver="2.2" tier="2" owner="TSS" procurement_status="Completed" restricted="false">6</clin_shared:month_of_form_completion>
                <clin_shared:year_of_form_completion preferred_name="form_completion_year" display_order="999" cde="2975720" cde_ver="1.000" xsd_ver="2.2" tier="2" owner="TSS" procurement_status="Completed" restricted="false">2015</clin_shared:year_of_form_completion>
                <clin_shared:followup_case_report_form_submission_reason preferred_name="followup_reason" display_order="4" cde="3233305" cde_ver="1.000" xsd_ver="2.5" tier="2" owner="TSS" procurement_status="Completed" restricted="false" source_system_identifier="4160207">Scheduled Follow-up Submission</clin_shared:followup_case_report_form_submission_reason>
                <clin_shared:karnofsky_performance_score preferred_name="karnofsky_score" display_order="63" cde="2003853" cde_ver="4.200" xsd_ver="1.8" tier="2" owner="TSS" procurement_status="Not Available" restricted="false"/>
                <clin_shared:eastern_cancer_oncology_group preferred_name="ecog_score" display_order="64" cde="88" cde_ver="5.100" xsd_ver="1.9" tier="2" owner="TSS" procurement_status="Not Available" restricted="false"/>
                <clin_shared:performance_status_scale_timing preferred_name="performance_status_timing" display_order="65" cde="2792763" cde_ver="1.000" xsd_ver="1.9" tier="2" owner="TSS" procurement_status="Not Available" restricted="false"/>
                <clin_shared:followup_treatment_success preferred_name="treatment_outcome_at_tcga_followup" display_order="36" cde="3104050" cde_ver="2.000" xsd_ver="2.5" tier="2" owner="TSS" procurement_status="Unknown" restricted="false" source_system_identifier="4160239"/>
                <clin_shared:postoperative_rx_tx preferred_name="pharmaceutical_tx_adjuvant" display_order="71" cde="3397567" cde_ver="1.000" xsd_ver="2.5" tier="2" owner="TSS" procurement_status="Completed" restricted="false" source_system_identifier="4160210">YES</clin_shared:postoperative_rx_tx>
                <clin_shared:radiation_therapy preferred_name="radiation_treatment_adjuvant" display_order="70" cde="2005312" cde_ver="4.000" xsd_ver="1.9" tier="1" owner="TSS" procurement_status="Completed" restricted="false" source_system_identifier="4160209">NO</clin_shared:radiation_therapy>
                <clin_shared:days_to_performance_status_assessment precision="day" xsd_ver="2.5" tier="2" cde="3479270" owner="TSS" procurement_status="Not Available" preferred_name="performance_status_days_to" display_order="69" cde_ver="1.000"/>
                <nte:additional_surgery_metastatic_procedure preferred_name="new_tumor_event_surgery_met" display_order="83" cde="3008757" cde_ver="1.000" xsd_ver="2.2" tier="2" owner="TSS" procurement_status="Not Available" restricted="false" source_system_identifier="4160232"/>
                <nte:days_to_additional_surgery_metastatic_procedure precision="day" xsd_ver="2.2" tier="2" cde="3408682" owner="TSS" procurement_status="Not Available" preferred_name="new_tumor_event_surgery_days_to_met" display_order="87" cde_ver="1.000"/>
            </follow_up_v1.0:follow_up>
        </lgg:follow_ups>
    </lgg:patient>
</lgg:tcga_bcr>