<?xml version="1.0" encoding="UTF-8"?>
<laml:tcga_bcr xsi:schemaLocation="http://tcga.nci/bcr/xml/clinical/laml/2.7 https://raw.githubusercontent.com/nchbcr/xsd/2.7/tcga.nci/bcr/xml/clinical/laml/2.7/TCGA_BCR.LAML_Clinical.xsd" schemaVersion="2.7" xmlns:laml="http://tcga.nci/bcr/xml/clinical/laml/2.7" xmlns:xsi="http://www.w3.org/2001/XMLSchema-instance" xmlns:admin="http://tcga.nci/bcr/xml/administration/2.7" xmlns:clin_shared="http://tcga.nci/bcr/xml/clinical/shared/2.7" xmlns:shared="http://tcga.nci/bcr/xml/shared/2.7" xmlns:rx="http://tcga.nci/bcr/xml/clinical/pharmaceutical/2.7" xmlns:rad="http://tcga.nci/bcr/xml/clinical/radiation/2.7">
    <admin:admin>
        <admin:bcr xsd_ver="1.17">Washington University</admin:bcr>
        <admin:file_uuid xsd_ver="2.6">3E0C44B3-EEE8-43BF-8B21-E07D7921700C</admin:file_uuid>
        <admin:batch_number xsd_ver="1.17">25.17.0</admin:batch_number>
        <admin:project_code xsd_ver="">TCGA</admin:project_code>
        <admin:disease_code xsd_ver="2.6">LAML</admin:disease_code>
        <admin:day_of_dcc_upload xsd_ver="1.17">9</admin:day_of_dcc_upload>
        <admin:month_of_dcc_upload xsd_ver="1.17">12</admin:month_of_dcc_upload>
        <admin:year_of_dcc_upload xsd_ver="1.17">2015</admin:year_of_dcc_upload>
        <admin:patient_withdrawal>
            <admin:withdrawn>false</admin:withdrawn>
        </admin:patient_withdrawal>
    </admin:admin>
    <laml:patient>
        <admin:additional_studies/>
        <clin_shared:tumor_tissue_site preferred_name="submitted_tumor_site" display_order="9999" cde="3427536" cde_ver="2.000" xsd_ver="2.6" tier="2" owner="TSS" procurement_status="Completed" restricted="false" source_system_identifier="400851">Bone Marrow</clin_shared:tumor_tissue_site>
        <clin_shared:tumor_tissue_site_other preferred_name="site_of_primary_tumor_other" display_order="999" cde="2584114" cde_ver="1.000" xsd_ver="2.6" tier="2" owner="TSS" procurement_status="Not Applicable" restricted="false" source_system_identifier="400852" xsi:nil="true"/>
        <laml:leukemia_specimen_cell_source_type preferred_name="cells_used_for_analysis_source" display_order="41" cde="64583" cde_ver="3.000" xsd_ver="2.4" tier="1" owner="TSS" procurement_status="Completed" restricted="false" source_system_identifier="400853">Bone marrow aspirate</laml:leukemia_specimen_cell_source_type>
        <shared:other_dx preferred_name="history_other_malignancy" display_order="13" cde="3382736" cde_ver="2.000" xsd_ver="2.5" tier="1" owner="TSS" procurement_status="Completed" restricted="false" source_system_identifier="400730">No</shared:other_dx>
        <shared:gender preferred_name="gender" display_order="10" cde="2200604" cde_ver="3.000" xsd_ver="1.8" tier="1" owner="TSS" procurement_status="Completed" restricted="false" source_system_identifier="400722">FEMALE</shared:gender>
        <clin_shared:vital_status preferred_name="vital_status" display_order="23" cde="5" cde_ver="5.000" xsd_ver="2.6" tier="2" owner="TSS" procurement_status="Completed" restricted="false" source_system_identifier="400727">Alive</clin_shared:vital_status>
        <clin_shared:days_to_birth precision="month" xsd_ver="1.12" tier="1" cde="3008233" owner="TSS" procurement_status="Completed" preferred_name="birth_days_to" display_order="9" cde_ver="1.000">-25141</clin_shared:days_to_birth>
        <clin_shared:days_to_last_known_alive precision="day" xsd_ver="2.1" tier="2" cde="" owner="TSS" procurement_status="Not Available" preferred_name="" display_order="9999" cde_ver=""/>
        <clin_shared:days_to_death precision="day" xsd_ver="1.12" tier="1" cde="3165475" owner="TSS" procurement_status="Not Applicable" preferred_name="death_days_to" display_order="31" cde_ver="1.000"/>
        <clin_shared:days_to_last_followup precision="month" xsd_ver="1.12" tier="1" cde="3008273" owner="TSS" procurement_status="Completed" preferred_name="last_contact_days_to" display_order="27" cde_ver="1.000">245</clin_shared:days_to_last_followup>
        <clin_shared:race_list>
            <clin_shared:race preferred_name="race" display_order="11" cde="2192199" cde_ver="1.000" xsd_ver="1.8" tier="2" owner="TSS" procurement_status="Completed" restricted="false" source_system_identifier="400728">WHITE</clin_shared:race>
        </clin_shared:race_list>
        <shared:bcr_patient_barcode preferred_name="" display_order="9999" cde="2673794" cde_ver="" xsd_ver="1.8" owner="TSS" procurement_status="Completed" restricted="false">TCGA-AB-2879</shared:bcr_patient_barcode>
        <shared:tissue_source_site cde="" cde_ver="" xsd_ver="2.4" owner="TSS" procurement_status="Completed" restricted="false">AB</shared:tissue_source_site>
        <shared:patient_id cde="" cde_ver="" xsd_ver="2.4" owner="TSS" procurement_status="Completed" restricted="false">2879</shared:patient_id>
        <shared:bcr_patient_uuid preferred_name="" display_order="9999" cde="" cde_ver="" xsd_ver="2.3" owner="TSS" procurement_status="Completed" restricted="false">87b2e470-fff6-4429-b77b-0552a1856337</shared:bcr_patient_uuid>
        <shared:history_of_neoadjuvant_treatment preferred_name="history_neoadjuvant_treatment" display_order="15" cde="3382737" cde_ver="1.000" xsd_ver="2.4" tier="1" owner="TSS" procurement_status="Completed" restricted="false" source_system_identifier="400732">Yes</shared:history_of_neoadjuvant_treatment>
        <clin_shared:informed_consent_verified preferred_name="patient_consent_status" display_order="62" cde="3288361" cde_ver="1.000" xsd_ver="2.4" tier="1" owner="TSS" procurement_status="Completed" restricted="false">YES</clin_shared:informed_consent_verified>
        <clin_shared:icd_o_3_site preferred_name="" display_order="9999" cde="3226281" cde_ver="" xsd_ver="2.4" tier="2" owner="TSS" procurement_status="Not Available" restricted="false" xsi:nil="true"/>
        <clin_shared:icd_o_3_histology preferred_name="" display_order="9999" cde="3226275" cde_ver="" xsd_ver="2.4" tier="2" owner="TSS" procurement_status="Not Available" restricted="false" xsi:nil="true"/>
        <clin_shared:icd_10 preferred_name="" display_order="9999" cde="3226287" cde_ver="" xsd_ver="2.4" tier="2" owner="TSS" procurement_status="Not Available" restricted="false" xsi:nil="true"/>
        <clin_shared:days_to_initial_pathologic_diagnosis precision="month" xsd_ver="1.12" tier="1" cde="3131740" owner="TSS" procurement_status="Completed" preferred_name="initial_pathologic_dx_days_to" display_order="999" cde_ver="1.000">0</clin_shared:days_to_initial_pathologic_diagnosis>
        <clin_shared:age_at_initial_pathologic_diagnosis precision="month" xsd_ver="1.12" tier="1" cde="2006657" owner="TSS" procurement_status="Completed">68</clin_shared:age_at_initial_pathologic_diagnosis>
        <clin_shared:year_of_initial_pathologic_diagnosis preferred_name="initial_pathologic_dx_year" display_order="44" cde="2896960" cde_ver="1.000" xsd_ver="1.12" tier="1" owner="TSS" procurement_status="Completed" restricted="false" source_system_identifier="400856">2009</clin_shared:year_of_initial_pathologic_diagnosis>
        <clin_shared:ethnicity preferred_name="ethnicity" display_order="12" cde="2192217" cde_ver="2.000" xsd_ver="1.9" tier="2" owner="TSS" procurement_status="Completed" restricted="false" source_system_identifier="400729">NOT HISPANIC OR LATINO</clin_shared:ethnicity>
        <laml:cumulative_agent_total_dose preferred_name="total_dose" display_order="18" cde="1515" cde_ver="4.000" xsd_ver="2.3" tier="1" owner="TSS" procurement_status="Completed" restricted="false" source_system_identifier="400735">2000</laml:cumulative_agent_total_dose>
        <laml:prior_hematologic_disorder_diagnosis_indicator preferred_name="history_hematologic_disorder" display_order="14" cde="3120971" cde_ver="1.000" xsd_ver="2.4" tier="1" owner="TSS" procurement_status="Completed" restricted="false" source_system_identifier="400731">NO</laml:prior_hematologic_disorder_diagnosis_indicator>
        <rx:total_dose_units preferred_name="pharmaceutical_tx_total_dose_units" display_order="999" cde="3088785" cde_ver="1.000" xsd_ver="2.1" tier="2" owner="TSS" procurement_status="Completed" restricted="false" source_system_identifier="400736">mg</rx:total_dose_units>
        <laml:hydroxyurea_agent_administered_day_count preferred_name="hydroxyurea_tx_days" display_order="17" cde="2724416" cde_ver="1.000" xsd_ver="2.3" tier="1" owner="TSS" procurement_status="Completed" restricted="false" source_system_identifier="400734">2</laml:hydroxyurea_agent_administered_day_count>
        <laml:hydroxyurea_administration_prior_registration_clinical_study_indicator preferred_name="history_neoadjuvant_hydroxyurea_tx" display_order="16" cde="3121638" cde_ver="1.000" xsd_ver="2.3" tier="1" owner="TSS" procurement_status="Completed" restricted="false" source_system_identifier="400733">YES</laml:hydroxyurea_administration_prior_registration_clinical_study_indicator>
        <laml:atra_exposure preferred_name="atra_prior_to_procurement" display_order="9999" cde="2625735" cde_ver="1.000" xsd_ver="2.4" tier="2" owner="TSS" procurement_status="Completed" restricted="false" source_system_identifier="400737">NO</laml:atra_exposure>
        <laml:steroid_therapy_administered preferred_name="steroid_tx_prior_to_procurement" display_order="9999" cde="2459014" cde_ver="1.000" xsd_ver="2.4" tier="2" owner="TSS" procurement_status="Not Available" restricted="false" source_system_identifier="400738"/>
        <laml:person_history_nonmedical_leukemia_causing_agent_type preferred_name="history_exposure_leukemogenic_agents" display_order="21" cde="3121309" cde_ver="1.000" xsd_ver="2.4" tier="2" owner="TSS" procurement_status="Completed" restricted="false" source_system_identifier="400739">None</laml:person_history_nonmedical_leukemia_causing_agent_type>
        <laml:person_history_leukemogenic_agent_other_exposure_text preferred_name="history_chemical_exposure_other" display_order="22" cde="3131188" cde_ver="1.000" xsd_ver="2.4" tier="2" owner="TSS" procurement_status="Not Available" restricted="false" source_system_identifier="400740"/>
        <clin_shared:initial_pathologic_diagnosis_method preferred_name="method_initial_path_dx" display_order="46" cde="2757941" cde_ver="1.000" xsd_ver="2.5" tier="2" owner="TSS" procurement_status="Not Available" restricted="false" source_system_identifier="400857"/>
        <laml:lab_procedure_blast_cell_outcome_percentage_value preferred_name="percent_blasts_peripheral_blood" display_order="47" cde="58282" cde_ver="3.000" xsd_ver="2.4" tier="2" owner="TSS" procurement_status="Completed" restricted="false" source_system_identifier="400858">90</laml:lab_procedure_blast_cell_outcome_percentage_value>
        <laml:leukemia_french_american_british_morphology_code preferred_name="fab_category" display_order="48" cde="3124352" cde_ver="1.000" xsd_ver="2.4" tier="1" owner="TSS" procurement_status="Completed" restricted="false" source_system_identifier="400859">M1</laml:leukemia_french_american_british_morphology_code>
        <laml:immunophenotype_cytochemistry_testing_results>
            <laml:immunophenotype_cytochemistry_testing_result_values>
                <laml:immunophenotype_cytochemistry_testing_result preferred_name="cyto_and_immuno_test_performed" display_order="50" cde="3121483" cde_ver="1.000" xsd_ver="2.4" tier="2" owner="TSS" procurement_status="Completed" restricted="false" source_system_identifier="400862">MPX Positive</laml:immunophenotype_cytochemistry_testing_result>
                <laml:immunophenotype_cytochemistry_percent_positive preferred_name="cyto_and_immuno_test_percentage" display_order="52" cde="3121491" cde_ver="1.000" xsd_ver="2.4" tier="2" owner="TSS" procurement_status="Not Available" restricted="false" source_system_identifier="400863"/>
            </laml:immunophenotype_cytochemistry_testing_result_values>
            <laml:immunophenotype_cytochemistry_testing_result_values>
                <laml:immunophenotype_cytochemistry_testing_result preferred_name="cyto_and_immuno_test_performed" display_order="50" cde="3121483" cde_ver="1.000" xsd_ver="2.4" tier="2" owner="TSS" procurement_status="Completed" restricted="false" source_system_identifier="400864">NSE Negative</laml:immunophenotype_cytochemistry_testing_result>
                <laml:immunophenotype_cytochemistry_percent_positive preferred_name="cyto_and_immuno_test_percentage" display_order="52" cde="3121491" cde_ver="1.000" xsd_ver="2.4" tier="2" owner="TSS" procurement_status="Not Applicable" restricted="false" source_system_identifier="400864" xsi:nil="true"/>
            </laml:immunophenotype_cytochemistry_testing_result_values>
            <laml:immunophenotype_cytochemistry_testing_result_values>
                <laml:immunophenotype_cytochemistry_testing_result preferred_name="cyto_and_immuno_test_performed" display_order="50" cde="3121483" cde_ver="1.000" xsd_ver="2.4" tier="2" owner="TSS" procurement_status="Completed" restricted="false" source_system_identifier="400866">TDT Not Tested</laml:immunophenotype_cytochemistry_testing_result>
                <laml:immunophenotype_cytochemistry_percent_positive preferred_name="cyto_and_immuno_test_percentage" display_order="52" cde="3121491" cde_ver="1.000" xsd_ver="2.4" tier="2" owner="TSS" procurement_status="Not Applicable" restricted="false" source_system_identifier="400866" xsi:nil="true"/>
            </laml:immunophenotype_cytochemistry_testing_result_values>
            <laml:immunophenotype_cytochemistry_testing_result_values>
                <laml:immunophenotype_cytochemistry_testing_result preferred_name="cyto_and_immuno_test_performed" display_order="50" cde="3121483" cde_ver="1.000" xsd_ver="2.4" tier="2" owner="TSS" procurement_status="Completed" restricted="false" source_system_identifier="400868">CD3 Not Tested</laml:immunophenotype_cytochemistry_testing_result>
                <laml:immunophenotype_cytochemistry_percent_positive preferred_name="cyto_and_immuno_test_percentage" display_order="52" cde="3121491" cde_ver="1.000" xsd_ver="2.4" tier="2" owner="TSS" procurement_status="Not Applicable" restricted="false" source_system_identifier="400868" xsi:nil="true"/>
            </laml:immunophenotype_cytochemistry_testing_result_values>
            <laml:immunophenotype_cytochemistry_testing_result_values>
                <laml:immunophenotype_cytochemistry_testing_result preferred_name="cyto_and_immuno_test_performed" display_order="50" cde="3121483" cde_ver="1.000" xsd_ver="2.4" tier="2" owner="TSS" procurement_status="Completed" restricted="false" source_system_identifier="400870">CD5 Negative</laml:immunophenotype_cytochemistry_testing_result>
                <laml:immunophenotype_cytochemistry_percent_positive preferred_name="cyto_and_immuno_test_percentage" display_order="52" cde="3121491" cde_ver="1.000" xsd_ver="2.4" tier="2" owner="TSS" procurement_status="Not Applicable" restricted="false" source_system_identifier="400870" xsi:nil="true"/>
            </laml:immunophenotype_cytochemistry_testing_result_values>
            <laml:immunophenotype_cytochemistry_testing_result_values>
                <laml:immunophenotype_cytochemistry_testing_result preferred_name="cyto_and_immuno_test_performed" display_order="50" cde="3121483" cde_ver="1.000" xsd_ver="2.4" tier="2" owner="TSS" procurement_status="Completed" restricted="false" source_system_identifier="400872">CD7 Not Tested</laml:immunophenotype_cytochemistry_testing_result>
                <laml:immunophenotype_cytochemistry_percent_positive preferred_name="cyto_and_immuno_test_percentage" display_order="52" cde="3121491" cde_ver="1.000" xsd_ver="2.4" tier="2" owner="TSS" procurement_status="Not Applicable" restricted="false" source_system_identifier="400872" xsi:nil="true"/>
            </laml:immunophenotype_cytochemistry_testing_result_values>
            <laml:immunophenotype_cytochemistry_testing_result_values>
                <laml:immunophenotype_cytochemistry_testing_result preferred_name="cyto_and_immuno_test_performed" display_order="50" cde="3121483" cde_ver="1.000" xsd_ver="2.4" tier="2" owner="TSS" procurement_status="Completed" restricted="false" source_system_identifier="400874">CD10 Not Tested</laml:immunophenotype_cytochemistry_testing_result>
                <laml:immunophenotype_cytochemistry_percent_positive preferred_name="cyto_and_immuno_test_percentage" display_order="52" cde="3121491" cde_ver="1.000" xsd_ver="2.4" tier="2" owner="TSS" procurement_status="Not Applicable" restricted="false" source_system_identifier="400874" xsi:nil="true"/>
            </laml:immunophenotype_cytochemistry_testing_result_values>
            <laml:immunophenotype_cytochemistry_testing_result_values>
                <laml:immunophenotype_cytochemistry_testing_result preferred_name="cyto_and_immuno_test_performed" display_order="50" cde="3121483" cde_ver="1.000" xsd_ver="2.4" tier="2" owner="TSS" procurement_status="Completed" restricted="false" source_system_identifier="400876">CD14 Not Tested</laml:immunophenotype_cytochemistry_testing_result>
                <laml:immunophenotype_cytochemistry_percent_positive preferred_name="cyto_and_immuno_test_percentage" display_order="52" cde="3121491" cde_ver="1.000" xsd_ver="2.4" tier="2" owner="TSS" procurement_status="Not Applicable" restricted="false" source_system_identifier="400876" xsi:nil="true"/>
            </laml:immunophenotype_cytochemistry_testing_result_values>
            <laml:immunophenotype_cytochemistry_testing_result_values>
                <laml:immunophenotype_cytochemistry_testing_result preferred_name="cyto_and_immuno_test_performed" display_order="50" cde="3121483" cde_ver="1.000" xsd_ver="2.4" tier="2" owner="TSS" procurement_status="Completed" restricted="false" source_system_identifier="400878">CD15 Not Tested</laml:immunophenotype_cytochemistry_testing_result>
                <laml:immunophenotype_cytochemistry_percent_positive preferred_name="cyto_and_immuno_test_percentage" display_order="52" cde="3121491" cde_ver="1.000" xsd_ver="2.4" tier="2" owner="TSS" procurement_status="Not Applicable" restricted="false" source_system_identifier="400878" xsi:nil="true"/>
            </laml:immunophenotype_cytochemistry_testing_result_values>
            <laml:immunophenotype_cytochemistry_testing_result_values>
                <laml:immunophenotype_cytochemistry_testing_result preferred_name="cyto_and_immuno_test_performed" display_order="50" cde="3121483" cde_ver="1.000" xsd_ver="2.4" tier="2" owner="TSS" procurement_status="Completed" restricted="false" source_system_identifier="400880">CD19 Negative</laml:immunophenotype_cytochemistry_testing_result>
                <laml:immunophenotype_cytochemistry_percent_positive preferred_name="cyto_and_immuno_test_percentage" display_order="52" cde="3121491" cde_ver="1.000" xsd_ver="2.4" tier="2" owner="TSS" procurement_status="Not Applicable" restricted="false" source_system_identifier="400880" xsi:nil="true"/>
            </laml:immunophenotype_cytochemistry_testing_result_values>
            <laml:immunophenotype_cytochemistry_testing_result_values>
                <laml:immunophenotype_cytochemistry_testing_result preferred_name="cyto_and_immuno_test_performed" display_order="50" cde="3121483" cde_ver="1.000" xsd_ver="2.4" tier="2" owner="TSS" procurement_status="Completed" restricted="false" source_system_identifier="400882">CD20 Not Tested</laml:immunophenotype_cytochemistry_testing_result>
                <laml:immunophenotype_cytochemistry_percent_positive preferred_name="cyto_and_immuno_test_percentage" display_order="52" cde="3121491" cde_ver="1.000" xsd_ver="2.4" tier="2" owner="TSS" procurement_status="Not Applicable" restricted="false" source_system_identifier="400882" xsi:nil="true"/>
            </laml:immunophenotype_cytochemistry_testing_result_values>
            <laml:immunophenotype_cytochemistry_testing_result_values>
                <laml:immunophenotype_cytochemistry_testing_result preferred_name="cyto_and_immuno_test_performed" display_order="50" cde="3121483" cde_ver="1.000" xsd_ver="2.4" tier="2" owner="TSS" procurement_status="Completed" restricted="false" source_system_identifier="400884">CD23 Not Tested</laml:immunophenotype_cytochemistry_testing_result>
                <laml:immunophenotype_cytochemistry_percent_positive preferred_name="cyto_and_immuno_test_percentage" display_order="52" cde="3121491" cde_ver="1.000" xsd_ver="2.4" tier="2" owner="TSS" procurement_status="Not Applicable" restricted="false" source_system_identifier="400884" xsi:nil="true"/>
            </laml:immunophenotype_cytochemistry_testing_result_values>
            <laml:immunophenotype_cytochemistry_testing_result_values>
                <laml:immunophenotype_cytochemistry_testing_result preferred_name="cyto_and_immuno_test_performed" display_order="50" cde="3121483" cde_ver="1.000" xsd_ver="2.4" tier="2" owner="TSS" procurement_status="Completed" restricted="false" source_system_identifier="400886">CD25 Not Tested</laml:immunophenotype_cytochemistry_testing_result>
                <laml:immunophenotype_cytochemistry_percent_positive preferred_name="cyto_and_immuno_test_percentage" display_order="52" cde="3121491" cde_ver="1.000" xsd_ver="2.4" tier="2" owner="TSS" procurement_status="Not Applicable" restricted="false" source_system_identifier="400886" xsi:nil="true"/>
            </laml:immunophenotype_cytochemistry_testing_result_values>
            <laml:immunophenotype_cytochemistry_testing_result_values>
                <laml:immunophenotype_cytochemistry_testing_result preferred_name="cyto_and_immuno_test_performed" display_order="50" cde="3121483" cde_ver="1.000" xsd_ver="2.4" tier="2" owner="TSS" procurement_status="Completed" restricted="false" source_system_identifier="400888">CD33 Positive</laml:immunophenotype_cytochemistry_testing_result>
                <laml:immunophenotype_cytochemistry_percent_positive preferred_name="cyto_and_immuno_test_percentage" display_order="52" cde="3121491" cde_ver="1.000" xsd_ver="2.4" tier="2" owner="TSS" procurement_status="Not Available" restricted="false" source_system_identifier="400889"/>
            </laml:immunophenotype_cytochemistry_testing_result_values>
            <laml:immunophenotype_cytochemistry_testing_result_values>
                <laml:immunophenotype_cytochemistry_testing_result preferred_name="cyto_and_immuno_test_performed" display_order="50" cde="3121483" cde_ver="1.000" xsd_ver="2.4" tier="2" owner="TSS" procurement_status="Completed" restricted="false" source_system_identifier="400890">CD34 Negative</laml:immunophenotype_cytochemistry_testing_result>
                <laml:immunophenotype_cytochemistry_percent_positive preferred_name="cyto_and_immuno_test_percentage" display_order="52" cde="3121491" cde_ver="1.000" xsd_ver="2.4" tier="2" owner="TSS" procurement_status="Not Applicable" restricted="false" source_system_identifier="400890" xsi:nil="true"/>
            </laml:immunophenotype_cytochemistry_testing_result_values>
            <laml:immunophenotype_cytochemistry_testing_result_values>
                <laml:immunophenotype_cytochemistry_testing_result preferred_name="cyto_and_immuno_test_performed" display_order="50" cde="3121483" cde_ver="1.000" xsd_ver="2.4" tier="2" owner="TSS" procurement_status="Completed" restricted="false" source_system_identifier="400892">CD45 Positive</laml:immunophenotype_cytochemistry_testing_result>
                <laml:immunophenotype_cytochemistry_percent_positive preferred_name="cyto_and_immuno_test_percentage" display_order="52" cde="3121491" cde_ver="1.000" xsd_ver="2.4" tier="2" owner="TSS" procurement_status="Not Available" restricted="false" source_system_identifier="400893"/>
            </laml:immunophenotype_cytochemistry_testing_result_values>
            <laml:immunophenotype_cytochemistry_testing_result_values>
                <laml:immunophenotype_cytochemistry_testing_result preferred_name="cyto_and_immuno_test_performed" display_order="50" cde="3121483" cde_ver="1.000" xsd_ver="2.4" tier="2" owner="TSS" procurement_status="Completed" restricted="false" source_system_identifier="400894">CD56 Negative</laml:immunophenotype_cytochemistry_testing_result>
                <laml:immunophenotype_cytochemistry_percent_positive preferred_name="cyto_and_immuno_test_percentage" display_order="52" cde="3121491" cde_ver="1.000" xsd_ver="2.4" tier="2" owner="TSS" procurement_status="Not Applicable" restricted="false" source_system_identifier="400894" xsi:nil="true"/>
            </laml:immunophenotype_cytochemistry_testing_result_values>
            <laml:immunophenotype_cytochemistry_testing_result_values>
                <laml:immunophenotype_cytochemistry_testing_result preferred_name="cyto_and_immuno_test_performed" display_order="50" cde="3121483" cde_ver="1.000" xsd_ver="2.4" tier="2" owner="TSS" procurement_status="Completed" restricted="false" source_system_identifier="400896">CD117 Positive</laml:immunophenotype_cytochemistry_testing_result>
                <laml:immunophenotype_cytochemistry_percent_positive preferred_name="cyto_and_immuno_test_percentage" display_order="52" cde="3121491" cde_ver="1.000" xsd_ver="2.4" tier="2" owner="TSS" procurement_status="Not Available" restricted="false" source_system_identifier="400897"/>
            </laml:immunophenotype_cytochemistry_testing_result_values>
            <laml:immunophenotype_cytochemistry_testing_result_values>
                <laml:immunophenotype_cytochemistry_testing_result preferred_name="cyto_and_immuno_test_performed" display_order="50" cde="3121483" cde_ver="1.000" xsd_ver="2.4" tier="2" owner="TSS" procurement_status="Completed" restricted="false" source_system_identifier="400898">HLA-DR  Negative</laml:immunophenotype_cytochemistry_testing_result>
                <laml:immunophenotype_cytochemistry_percent_positive preferred_name="cyto_and_immuno_test_percentage" display_order="52" cde="3121491" cde_ver="1.000" xsd_ver="2.4" tier="2" owner="TSS" procurement_status="Not Applicable" restricted="false" source_system_identifier="400898" xsi:nil="true"/>
            </laml:immunophenotype_cytochemistry_testing_result_values>
            <laml:immunophenotype_cytochemistry_testing_result_values>
                <laml:immunophenotype_cytochemistry_testing_result preferred_name="cyto_and_immuno_test_performed" display_order="50" cde="3121483" cde_ver="1.000" xsd_ver="2.4" tier="2" owner="TSS" procurement_status="Completed" restricted="false" source_system_identifier="400900">Other CD Negative</laml:immunophenotype_cytochemistry_testing_result>
                <laml:immunophenotype_cytochemistry_percent_positive preferred_name="cyto_and_immuno_test_percentage" display_order="52" cde="3121491" cde_ver="1.000" xsd_ver="2.4" tier="2" owner="TSS" procurement_status="Not Applicable" restricted="false" source_system_identifier="400900" xsi:nil="true"/>
            </laml:immunophenotype_cytochemistry_testing_result_values>
        </laml:immunophenotype_cytochemistry_testing_results>
        <laml:lab_procedure_bone_marrow_cellularity_outcome_percent_value preferred_name="percent_cellularity" display_order="53" cde="58264" cde_ver="3.000" xsd_ver="2.4" tier="2" owner="TSS" procurement_status="Completed" restricted="false" source_system_identifier="400902">70</laml:lab_procedure_bone_marrow_cellularity_outcome_percent_value>
        <laml:lab_procedure_leukocyte_result_unspecified_value preferred_name="wbc_24hr_of_banking" display_order="54" cde="2006107" cde_ver="1.000" xsd_ver="2.4" tier="2" owner="TSS" procurement_status="Completed" restricted="false" source_system_identifier="400903">60</laml:lab_procedure_leukocyte_result_unspecified_value>
        <laml:lab_procedure_hemoglobin_result_specified_value preferred_name="hemoglobin_24hr_of_banking" display_order="55" cde="2190" cde_ver="3.000" xsd_ver="2.4" tier="2" owner="TSS" procurement_status="Completed" restricted="false" source_system_identifier="400904">9</laml:lab_procedure_hemoglobin_result_specified_value>
        <laml:lab_procedure_hematocrit_outcome_percent_value preferred_name="hematocrit_24hr_of_banking" display_order="56" cde="2180444" cde_ver="1.000" xsd_ver="2.4" tier="2" owner="TSS" procurement_status="Not Available" restricted="false" source_system_identifier="400905"/>
        <clin_shared:platelet_result_count preferred_name="platelet_count_preresection" display_order="57" cde="58304" cde_ver="4.000" xsd_ver="2.4" tier="2" owner="TSS" procurement_status="Completed" restricted="false" source_system_identifier="400906">8</clin_shared:platelet_result_count>
        <laml:lab_procedure_bone_marrow_blast_cell_outcome_percent_value preferred_name="blast_count" display_order="58" cde="58262" cde_ver="3.000" xsd_ver="2.4" tier="2" owner="TSS" procurement_status="Completed" restricted="false" source_system_identifier="400907">91</laml:lab_procedure_bone_marrow_blast_cell_outcome_percent_value>
        <laml:lab_procedure_bone_marrow_promyelocyte_result_percent_value preferred_name="promyelocytes_count" display_order="59" cde="58271" cde_ver="3.000" xsd_ver="2.4" tier="2" owner="TSS" procurement_status="Completed" restricted="false" source_system_identifier="400908">1</laml:lab_procedure_bone_marrow_promyelocyte_result_percent_value>
        <laml:lab_procedure_bone_marrow_myelocyte_result_percent_value preferred_name="myelocytes_24hr_of_banking" display_order="60" cde="2669788" cde_ver="1.000" xsd_ver="2.4" tier="2" owner="TSS" procurement_status="Completed" restricted="false" source_system_identifier="400909">1</laml:lab_procedure_bone_marrow_myelocyte_result_percent_value>
        <laml:lab_procedure_bone_marrow_metamyelocyte_result_value preferred_name="metamyelocytes_24hr_of_banking" display_order="61" cde="2669787" cde_ver="1.000" xsd_ver="2.4" tier="2" owner="TSS" procurement_status="Completed" restricted="false" source_system_identifier="400910">0</laml:lab_procedure_bone_marrow_metamyelocyte_result_value>
        <laml:lab_procedure_bone_marrow_band_cell_result_percent_value preferred_name="bands_24hr_of_banking" display_order="62" cde="3131180" cde_ver="1.000" xsd_ver="2.4" tier="2" owner="TSS" procurement_status="Completed" restricted="false" source_system_identifier="400911">1</laml:lab_procedure_bone_marrow_band_cell_result_percent_value>
        <laml:lab_procedure_bone_marrow_neutrophil_result_percent_value preferred_name="segs_24hr_of_banking" display_order="63" cde="2669786" cde_ver="1.000" xsd_ver="2.4" tier="2" owner="TSS" procurement_status="Completed" restricted="false" source_system_identifier="400912">2</laml:lab_procedure_bone_marrow_neutrophil_result_percent_value>
        <laml:lab_procedure_bone_marrow_lab_eosinophil_result_percent_value preferred_name="basophils_count" display_order="64" cde="58266" cde_ver="3.000" xsd_ver="2.4" tier="2" owner="TSS" procurement_status="Completed" restricted="false" source_system_identifier="400913">0</laml:lab_procedure_bone_marrow_lab_eosinophil_result_percent_value>
        <laml:lab_procedure_bone_marrow_basophil_result_percent_value preferred_name="basophils_count" display_order="65" cde="64507" cde_ver="3.000" xsd_ver="2.4" tier="2" owner="TSS" procurement_status="Completed" restricted="false" source_system_identifier="400914">0</laml:lab_procedure_bone_marrow_basophil_result_percent_value>
        <laml:lab_procedure_bone_marrow_lymphocyte_outcome_percent_value preferred_name="lymphocytes_count" display_order="66" cde="58270" cde_ver="3.000" xsd_ver="2.4" tier="2" owner="TSS" procurement_status="Completed" restricted="false" source_system_identifier="400915">3</laml:lab_procedure_bone_marrow_lymphocyte_outcome_percent_value>
        <laml:lab_procedure_monocyte_result_percent_value preferred_name="monocytes_count" display_order="67" cde="58301" cde_ver="3.000" xsd_ver="2.4" tier="2" owner="TSS" procurement_status="Completed" restricted="false" source_system_identifier="400916">1</laml:lab_procedure_monocyte_result_percent_value>
        <laml:lab_procedure_bone_marrow_prolymphocyte_result_percent_value preferred_name="prolymphocytes_24hr_of_banking" display_order="68" cde="2669789" cde_ver="1.000" xsd_ver="2.4" tier="2" owner="TSS" procurement_status="Completed" restricted="false" source_system_identifier="400917">0</laml:lab_procedure_bone_marrow_prolymphocyte_result_percent_value>
        <laml:lab_procedure_bone_marrow_promonocyte_count_result_percent_value preferred_name="promonocytes_24hr_of_banking" display_order="69" cde="3131695" cde_ver="1.000" xsd_ver="2.4" tier="2" owner="TSS" procurement_status="Completed" restricted="false" source_system_identifier="400918">0</laml:lab_procedure_bone_marrow_promonocyte_count_result_percent_value>
        <laml:lab_procedure_abnormal_lymphocyte_result_percent_value preferred_name="abnormal_lymphocyte_percent" display_order="70" cde="3144381" cde_ver="1.000" xsd_ver="2.4" tier="2" owner="TSS" procurement_status="Completed" restricted="false" source_system_identifier="400919">0</laml:lab_procedure_abnormal_lymphocyte_result_percent_value>
        <laml:lab_procedure_bone_marrow_diff_not_reported_reason preferred_name="diff_count_not_present_reason" display_order="999" cde="3131184" cde_ver="1.000" xsd_ver="2.4" tier="2" owner="TSS" procurement_status="Not Available" restricted="false" source_system_identifier="400920"/>
        <laml:cytogenetic_analysis_performed_ind preferred_name="cytogenetics_testing_performed" display_order="73" cde="2626417" cde_ver="1.000" xsd_ver="2.4" tier="2" owner="TSS" procurement_status="Completed" restricted="false" source_system_identifier="400921">YES</laml:cytogenetic_analysis_performed_ind>
        <laml:fluorescence_in_situ_hybrid_cytogenetics_metaphase_nucleus_result_count preferred_name="metaphases_count" display_order="74" cde="64523" cde_ver="4.000" xsd_ver="2.4" tier="2" owner="TSS" procurement_status="Completed" restricted="false" source_system_identifier="400922">20</laml:fluorescence_in_situ_hybrid_cytogenetics_metaphase_nucleus_result_count>
        <laml:acute_myeloid_leukemia_calgb_cytogenetics_risk_category preferred_name="cyto_risk_group" display_order="75" cde="3121502" cde_ver="1.000" xsd_ver="2.4" tier="2" owner="TSS" procurement_status="Completed" restricted="false" source_system_identifier="400923">Intermediate/Normal</laml:acute_myeloid_leukemia_calgb_cytogenetics_risk_category>
        <laml:cytogenetic_abnormalities>
            <clin_shared:cytogenetic_abnormality preferred_name="cytogenetic_abnormality_type" display_order="76" cde="2760451" cde_ver="1.000" xsd_ver="2.4" tier="2" owner="TSS" procurement_status="Completed" restricted="false" source_system_identifier="400924">Normal</clin_shared:cytogenetic_abnormality>
        </laml:cytogenetic_abnormalities>
        <laml:cytogenetic_abnormality_other preferred_name="cyto_abnormality_type_other" display_order="77" cde="2957553" cde_ver="1.000" xsd_ver="2.4" tier="2" owner="TSS" procurement_status="Not Available" restricted="false" source_system_identifier="400925"/>
        <laml:fish_evaluation_performed_ind preferred_name="fish_performed_indicator" display_order="78" cde="64521" cde_ver="3.000" xsd_ver="2.4" tier="2" owner="TSS" procurement_status="Completed" restricted="false" source_system_identifier="400926">YES</laml:fish_evaluation_performed_ind>
        <laml:fluorescence_in_situ_hybridization_abnormal_result_indicator preferred_name="fish_abnormality_detected" display_order="79" cde="3121563" cde_ver="1.000" xsd_ver="2.4" tier="2" owner="TSS" procurement_status="Completed" restricted="false" source_system_identifier="400927">NO</laml:fluorescence_in_situ_hybridization_abnormal_result_indicator>
        <laml:FISH_test_component_results>
            <laml:FISH_test_component_result>
                <laml:FISH_test_component preferred_name="test_performed_indicator" display_order="80" cde="64527" cde_ver="4.000" xsd_ver="2.6" tier="2" owner="TSS" procurement_status="Completed" restricted="false" source_system_identifier="400929">PML-RAR</laml:FISH_test_component>
                <laml:FISH_test_component_percentage_value preferred_name="fish_performed_outcome" display_order="81" cde="3151691" cde_ver="1.000" xsd_ver="2.4" tier="2" owner="TSS" procurement_status="Completed" restricted="false" source_system_identifier="400929">0</laml:FISH_test_component_percentage_value>
            </laml:FISH_test_component_result>
            <laml:FISH_test_component_result>
                <laml:FISH_test_component preferred_name="test_performed_indicator" display_order="80" cde="64527" cde_ver="4.000" xsd_ver="2.6" tier="2" owner="TSS" procurement_status="Completed" restricted="false" source_system_identifier="400931">CBF-Beta</laml:FISH_test_component>
                <laml:FISH_test_component_percentage_value preferred_name="fish_performed_outcome" display_order="81" cde="3151691" cde_ver="1.000" xsd_ver="2.4" tier="2" owner="TSS" procurement_status="Completed" restricted="false" source_system_identifier="400931">0</laml:FISH_test_component_percentage_value>
            </laml:FISH_test_component_result>
            <laml:FISH_test_component_result>
                <laml:FISH_test_component preferred_name="test_performed_indicator" display_order="80" cde="64527" cde_ver="4.000" xsd_ver="2.6" tier="2" owner="TSS" procurement_status="Completed" restricted="false" source_system_identifier="400932">AML1-ETO</laml:FISH_test_component>
                <laml:FISH_test_component_percentage_value preferred_name="fish_performed_outcome" display_order="81" cde="3151691" cde_ver="1.000" xsd_ver="2.4" tier="2" owner="TSS" procurement_status="Completed" restricted="false" source_system_identifier="400932">1</laml:FISH_test_component_percentage_value>
            </laml:FISH_test_component_result>
            <laml:FISH_test_component_result>
                <laml:FISH_test_component preferred_name="test_performed_indicator" display_order="80" cde="64527" cde_ver="4.000" xsd_ver="2.6" tier="2" owner="TSS" procurement_status="Completed" restricted="false" source_system_identifier="400933">TEL-AML 1</laml:FISH_test_component>
                <laml:FISH_test_component_percentage_value preferred_name="fish_performed_outcome" display_order="81" cde="3151691" cde_ver="1.000" xsd_ver="2.4" tier="2" owner="TSS" procurement_status="Completed" restricted="false" source_system_identifier="400933">0</laml:FISH_test_component_percentage_value>
            </laml:FISH_test_component_result>
            <laml:FISH_test_component_result>
                <laml:FISH_test_component preferred_name="test_performed_indicator" display_order="80" cde="64527" cde_ver="4.000" xsd_ver="2.6" tier="2" owner="TSS" procurement_status="Completed" restricted="false" source_system_identifier="400934">+8</laml:FISH_test_component>
                <laml:FISH_test_component_percentage_value preferred_name="fish_performed_outcome" display_order="81" cde="3151691" cde_ver="1.000" xsd_ver="2.4" tier="2" owner="TSS" procurement_status="Completed" restricted="false" source_system_identifier="400934">0</laml:FISH_test_component_percentage_value>
            </laml:FISH_test_component_result>
            <laml:FISH_test_component_result>
                <laml:FISH_test_component preferred_name="test_performed_indicator" display_order="80" cde="64527" cde_ver="4.000" xsd_ver="2.6" tier="2" owner="TSS" procurement_status="Completed" restricted="false" source_system_identifier="400935">-7 or del(7q)</laml:FISH_test_component>
                <laml:FISH_test_component_percentage_value preferred_name="fish_performed_outcome" display_order="81" cde="3151691" cde_ver="1.000" xsd_ver="2.4" tier="2" owner="TSS" procurement_status="Completed" restricted="false" source_system_identifier="400935">0</laml:FISH_test_component_percentage_value>
            </laml:FISH_test_component_result>
            <laml:FISH_test_component_result>
                <laml:FISH_test_component preferred_name="test_performed_indicator" display_order="80" cde="64527" cde_ver="4.000" xsd_ver="2.6" tier="2" owner="TSS" procurement_status="Completed" restricted="false" source_system_identifier="400936">-5 or del(5q)</laml:FISH_test_component>
                <laml:FISH_test_component_percentage_value preferred_name="fish_performed_outcome" display_order="81" cde="3151691" cde_ver="1.000" xsd_ver="2.4" tier="2" owner="TSS" procurement_status="Completed" restricted="false" source_system_identifier="400936">0</laml:FISH_test_component_percentage_value>
            </laml:FISH_test_component_result>
        </laml:FISH_test_component_results>
        <shared:germline_testing_performed preferred_name="molecular_studies_others_performed" display_order="82" cde="3121565" cde_ver="1.000" xsd_ver="2.6" tier="2" owner="TSS" procurement_status="Completed" restricted="false" source_system_identifier="400939">YES</shared:germline_testing_performed>
        <laml:disease_detection_molecular_analysis_method_type preferred_name="molecular_analysis_method_type" display_order="83" cde="3121575" cde_ver="2.000" xsd_ver="2.4" tier="2" owner="TSS" procurement_status="Completed" restricted="false" source_system_identifier="400940">RT-PCR</laml:disease_detection_molecular_analysis_method_type>
        <laml:disease_detection_molecular_analysis_method_type_other_text preferred_name="type_of_analysis_other" display_order="84" cde="3151694" cde_ver="1.000" xsd_ver="2.4" tier="2" owner="TSS" procurement_status="Not Applicable" restricted="false" source_system_identifier="400941" xsi:nil="true"/>
        <laml:molecular_analysis_abnormal_result_indicator preferred_name="molecular_abnormality_detected" display_order="85" cde="3121579" cde_ver="1.000" xsd_ver="2.4" tier="2" owner="TSS" procurement_status="Completed" restricted="false" source_system_identifier="400942">YES</laml:molecular_analysis_abnormal_result_indicator>
        <laml:molecular_analysis_abnormality_testing_results>
            <laml:molecular_analysis_abnormality_testing_result_values>
                <laml:molecular_analysis_abnormality_testing_result preferred_name="molecular_abnormality_results" display_order="86" cde="3121628" cde_ver="1.000" xsd_ver="2.4" tier="2" owner="TSS" procurement_status="Completed" restricted="false" source_system_identifier="400945">PML-RAR Negative</laml:molecular_analysis_abnormality_testing_result>
                <laml:molecular_analysis_abnormality_testing_percentage_value preferred_name="molecular_abnormality_percent" display_order="88" cde="3151753" cde_ver="1.000" xsd_ver="2.4" tier="2" owner="TSS" procurement_status="Not Applicable" restricted="false" source_system_identifier="400945" xsi:nil="true"/>
            </laml:molecular_analysis_abnormality_testing_result_values>
            <laml:molecular_analysis_abnormality_testing_result_values>
                <laml:molecular_analysis_abnormality_testing_result preferred_name="molecular_abnormality_results" display_order="86" cde="3121628" cde_ver="1.000" xsd_ver="2.4" tier="2" owner="TSS" procurement_status="Completed" restricted="false" source_system_identifier="400947">FLT3 Mutation Positive</laml:molecular_analysis_abnormality_testing_result>
                <laml:molecular_analysis_abnormality_testing_percentage_value preferred_name="molecular_abnormality_percent" display_order="88" cde="3151753" cde_ver="1.000" xsd_ver="2.4" tier="2" owner="TSS" procurement_status="Not Available" restricted="false" source_system_identifier="400948"/>
            </laml:molecular_analysis_abnormality_testing_result_values>
            <laml:molecular_analysis_abnormality_testing_result_values>
                <laml:molecular_analysis_abnormality_testing_result preferred_name="molecular_abnormality_results" display_order="86" cde="3121628" cde_ver="1.000" xsd_ver="2.4" tier="2" owner="TSS" procurement_status="Completed" restricted="false" source_system_identifier="400949">IDH1 R132 Negative</laml:molecular_analysis_abnormality_testing_result>
                <laml:molecular_analysis_abnormality_testing_percentage_value preferred_name="molecular_abnormality_percent" display_order="88" cde="3151753" cde_ver="1.000" xsd_ver="2.4" tier="2" owner="TSS" procurement_status="Not Applicable" restricted="false" source_system_identifier="400949" xsi:nil="true"/>
            </laml:molecular_analysis_abnormality_testing_result_values>
            <laml:molecular_analysis_abnormality_testing_result_values>
                <laml:molecular_analysis_abnormality_testing_result preferred_name="molecular_abnormality_results" display_order="86" cde="3121628" cde_ver="1.000" xsd_ver="2.4" tier="2" owner="TSS" procurement_status="Completed" restricted="false" source_system_identifier="400951">IDH1 R140 Negative</laml:molecular_analysis_abnormality_testing_result>
                <laml:molecular_analysis_abnormality_testing_percentage_value preferred_name="molecular_abnormality_percent" display_order="88" cde="3151753" cde_ver="1.000" xsd_ver="2.4" tier="2" owner="TSS" procurement_status="Not Applicable" restricted="false" source_system_identifier="400951" xsi:nil="true"/>
            </laml:molecular_analysis_abnormality_testing_result_values>
            <laml:molecular_analysis_abnormality_testing_result_values>
                <laml:molecular_analysis_abnormality_testing_result preferred_name="molecular_abnormality_results" display_order="86" cde="3121628" cde_ver="1.000" xsd_ver="2.4" tier="2" owner="TSS" procurement_status="Completed" restricted="false" source_system_identifier="400953">IDH1 R172 Negative</laml:molecular_analysis_abnormality_testing_result>
                <laml:molecular_analysis_abnormality_testing_percentage_value preferred_name="molecular_abnormality_percent" display_order="88" cde="3151753" cde_ver="1.000" xsd_ver="2.4" tier="2" owner="TSS" procurement_status="Not Applicable" restricted="false" source_system_identifier="400953" xsi:nil="true"/>
            </laml:molecular_analysis_abnormality_testing_result_values>
            <laml:molecular_analysis_abnormality_testing_result_values>
                <laml:molecular_analysis_abnormality_testing_result preferred_name="molecular_abnormality_results" display_order="86" cde="3121628" cde_ver="1.000" xsd_ver="2.4" tier="2" owner="TSS" procurement_status="Completed" restricted="false" source_system_identifier="400955">Activating RAS Negative</laml:molecular_analysis_abnormality_testing_result>
                <laml:molecular_analysis_abnormality_testing_percentage_value preferred_name="molecular_abnormality_percent" display_order="88" cde="3151753" cde_ver="1.000" xsd_ver="2.4" tier="2" owner="TSS" procurement_status="Not Applicable" restricted="false" source_system_identifier="400955" xsi:nil="true"/>
            </laml:molecular_analysis_abnormality_testing_result_values>
            <laml:molecular_analysis_abnormality_testing_result_values>
                <laml:molecular_analysis_abnormality_testing_result preferred_name="molecular_abnormality_results" display_order="86" cde="3121628" cde_ver="1.000" xsd_ver="2.4" tier="2" owner="TSS" procurement_status="Completed" restricted="false" source_system_identifier="400957">NPMc Positive</laml:molecular_analysis_abnormality_testing_result>
                <laml:molecular_analysis_abnormality_testing_percentage_value preferred_name="molecular_abnormality_percent" display_order="88" cde="3151753" cde_ver="1.000" xsd_ver="2.4" tier="2" owner="TSS" procurement_status="Not Available" restricted="false" source_system_identifier="400958"/>
            </laml:molecular_analysis_abnormality_testing_result_values>
        </laml:molecular_analysis_abnormality_testing_results>
        <clin_shared:karnofsky_performance_score preferred_name="karnofsky_score" display_order="36" cde="2003853" cde_ver="4.200" xsd_ver="1.8" tier="2" owner="TSS" procurement_status="Not Available" restricted="false"/>
        <clin_shared:eastern_cancer_oncology_group preferred_name="ecog_score" display_order="37" cde="88" cde_ver="5.100" xsd_ver="1.9" tier="2" owner="TSS" procurement_status="Not Available" restricted="false" source_system_identifier="400968"/>
        <clin_shared:performance_status_scale_timing preferred_name="performance_status_timing" display_order="38" cde="2792763" cde_ver="1.000" xsd_ver="1.9" tier="2" owner="TSS" procurement_status="Not Available" restricted="false" source_system_identifier="400969"/>
        <clin_shared:assessment_timepoint_category preferred_name="performance_status_other_timing" display_order="39" cde="3151756" cde_ver="1.000" xsd_ver="2.6" tier="2" owner="TSS" procurement_status="Not Available" restricted="false" source_system_identifier="400970"/>
        <clin_shared:day_of_form_completion preferred_name="form_completion_day" display_order="999" cde="2975716" cde_ver="1.000" xsd_ver="2.2" tier="2" owner="TSS" procurement_status="Completed" restricted="false" source_system_identifier="400284">14</clin_shared:day_of_form_completion>
        <clin_shared:month_of_form_completion preferred_name="form_completion_month" display_order="999" cde="2975718" cde_ver="1.000" xsd_ver="2.2" tier="2" owner="TSS" procurement_status="Completed" restricted="false" source_system_identifier="400283">12</clin_shared:month_of_form_completion>
        <clin_shared:year_of_form_completion preferred_name="form_completion_year" display_order="999" cde="2975720" cde_ver="1.000" xsd_ver="2.2" tier="2" owner="TSS" procurement_status="Completed" restricted="false" source_system_identifier="400285">2010</clin_shared:year_of_form_completion>
        <laml:follow_ups/>
        <rx:drugs/>
        <rad:radiations/>
    </laml:patient>
</laml:tcga_bcr>