<?xml version="1.0" encoding="UTF-8"?>
<cesc:tcga_bcr xsi:schemaLocation="http://tcga.nci/bcr/xml/clinical/cesc/2.7 https://raw.githubusercontent.com/nchbcr/xsd/2.7/tcga.nci/bcr/xml/clinical/cesc/2.7/TCGA_BCR.CESC_Clinical.xsd" schemaVersion="2.7" xmlns:cesc="http://tcga.nci/bcr/xml/clinical/cesc/2.7" xmlns:xsi="http://www.w3.org/2001/XMLSchema-instance" xmlns:admin="http://tcga.nci/bcr/xml/administration/2.7" xmlns:shared="http://tcga.nci/bcr/xml/shared/2.7" xmlns:clin_shared="http://tcga.nci/bcr/xml/clinical/shared/2.7" xmlns:shared_stage="http://tcga.nci/bcr/xml/clinical/shared/stage/2.7" xmlns:cesc_shared="http://tcga.nci/bcr/xml/clinical/cesc/shared/2.7" xmlns:rad="http://tcga.nci/bcr/xml/clinical/radiation/2.7" xmlns:cesc_nte="http://tcga.nci/bcr/xml/clinical/cesc/shared/new_tumor_event/2.7/1.0" xmlns:nte="http://tcga.nci/bcr/xml/clinical/shared/new_tumor_event/2.7" xmlns:follow_up_v4.0="http://tcga.nci/bcr/xml/clinical/cesc/followup/2.7/4.0" xmlns:rx="http://tcga.nci/bcr/xml/clinical/pharmaceutical/2.7">
    <admin:admin>
        <admin:bcr xsd_ver="1.17">Nationwide Children's Hospital</admin:bcr>
        <admin:file_uuid xsd_ver="2.6">A0A54F83-C86B-4A1E-B44F-38B3B8C1EC81</admin:file_uuid>
        <admin:batch_number xsd_ver="1.17">280.67.0</admin:batch_number>
        <admin:project_code xsd_ver="2.7">TCGA</admin:project_code>
        <admin:disease_code xsd_ver="2.6">CESC</admin:disease_code>
        <admin:day_of_dcc_upload xsd_ver="1.17">1</admin:day_of_dcc_upload>
        <admin:month_of_dcc_upload xsd_ver="1.17">8</admin:month_of_dcc_upload>
        <admin:year_of_dcc_upload xsd_ver="1.17">2017</admin:year_of_dcc_upload>
        <admin:patient_withdrawal>
            <admin:withdrawn>false</admin:withdrawn>
        </admin:patient_withdrawal>
        <admin:program xsi:nil="true" xsd_ver="2.7"/>
        <admin:dbgap_registration_code xsi:nil="true" xsd_ver="2.7"/>
    </admin:admin>
    <cesc:patient>
        <admin:additional_studies/>
        <shared:tissue_source_site cde="" cde_ver="" xsd_ver="2.4" owner="TSS" procurement_status="Completed" restricted="false">MU</shared:tissue_source_site>
        <shared:patient_id cde="" cde_ver="" xsd_ver="2.4" owner="TSS" procurement_status="Completed" restricted="false">A51Y</shared:patient_id>
        <shared:bcr_patient_barcode preferred_name="" display_order="9999" cde="2003301" cde_ver="" xsd_ver="1.8" owner="TSS" procurement_status="Completed" restricted="false">TCGA-MU-A51Y</shared:bcr_patient_barcode>
        <shared:bcr_patient_uuid preferred_name="" display_order="9999" cde="" cde_ver="" xsd_ver="2.3" owner="TSS" procurement_status="Completed" restricted="false">77DA506B-E726-409F-B3EB-D41242862982</shared:bcr_patient_uuid>
        <clin_shared:informed_consent_verified preferred_name="patient_consent_status" display_order="74" cde="3288361" cde_ver="1.000" xsd_ver="2.4" tier="1" owner="TSS" procurement_status="Completed" restricted="false">YES</clin_shared:informed_consent_verified>
        <clin_shared:icd_o_3_site preferred_name="" display_order="9999" cde="3226281" cde_ver="" xsd_ver="2.4" tier="2" owner="TSS" procurement_status="Completed" restricted="false">C53.9</clin_shared:icd_o_3_site>
        <clin_shared:icd_o_3_histology preferred_name="" display_order="9999" cde="3226275" cde_ver="" xsd_ver="2.4" tier="2" owner="TSS" procurement_status="Completed" restricted="false">8072/3</clin_shared:icd_o_3_histology>
        <clin_shared:icd_10 preferred_name="" display_order="9999" cde="3226287" cde_ver="" xsd_ver="2.4" tier="2" owner="TSS" procurement_status="Completed" restricted="false">C53.9</clin_shared:icd_10>
        <clin_shared:tissue_prospective_collection_indicator preferred_name="prospective_collection" display_order="2" cde="3088492" cde_ver="1.000" xsd_ver="2.3" tier="2" owner="TSS" procurement_status="Completed" restricted="false" source_system_identifier="2101966">YES</clin_shared:tissue_prospective_collection_indicator>
        <clin_shared:tissue_retrospective_collection_indicator preferred_name="retrospective_collection" display_order="3" cde="3088528" cde_ver="1.000" xsd_ver="2.3" tier="2" owner="TSS" procurement_status="Completed" restricted="false" source_system_identifier="2101967">NO</clin_shared:tissue_retrospective_collection_indicator>
        <clin_shared:days_to_birth precision="day" xsd_ver="1.12" tier="2" cde="3008233" owner="TSS" procurement_status="Completed" preferred_name="birth_days_to" display_order="9" cde_ver="1.000">-10199</clin_shared:days_to_birth>
        <shared:gender preferred_name="gender" display_order="7" cde="2200604" cde_ver="3.000" xsd_ver="1.8" tier="2" owner="TSS" procurement_status="Completed" restricted="false" source_system_identifier="2101972">FEMALE</shared:gender>
        <clin_shared:menopause_status preferred_name="menopause_status" display_order="8" cde="2957270" cde_ver="1.000" xsd_ver="2.3" tier="2" owner="TSS" procurement_status="Completed" restricted="false" source_system_identifier="2101973">Pre (&lt;6 months since LMP AND no prior bilateral ovariectomy AND not on estrogen replacement)</clin_shared:menopause_status>
        <clin_shared:height preferred_name="height_cm_at_diagnosis" display_order="11" cde="649" cde_ver="4.100" xsd_ver="2.2" tier="2" owner="TSS" procurement_status="Not Available" restricted="false" source_system_identifier="2101974"/>
        <clin_shared:weight preferred_name="weight_kg_at_diagnosis" display_order="12" cde="651" cde_ver="4.000" xsd_ver="2.2" tier="2" owner="TSS" procurement_status="Completed" restricted="false" source_system_identifier="2101975">31</clin_shared:weight>
        <clin_shared:race_list>
            <clin_shared:race preferred_name="race" display_order="9" cde="2192199" cde_ver="1.000" xsd_ver="1.8" tier="2" owner="TSS" procurement_status="Completed" restricted="false" source_system_identifier="2101976">WHITE</clin_shared:race>
        </clin_shared:race_list>
        <clin_shared:ethnicity preferred_name="ethnicity" display_order="10" cde="2192217" cde_ver="2.000" xsd_ver="1.9" tier="2" owner="TSS" procurement_status="Unknown" restricted="false" source_system_identifier="2101977"/>
        <shared:other_dx preferred_name="history_other_malignancy" display_order="16" cde="3382736" cde_ver="2.000" xsd_ver="2.5" tier="1" owner="TSS" procurement_status="Completed" restricted="false" source_system_identifier="2101978">No</shared:other_dx>
        <shared:history_of_neoadjuvant_treatment preferred_name="history_neoadjuvant_treatment" display_order="17" cde="3382737" cde_ver="1.000" xsd_ver="2.4" tier="1" owner="TSS" procurement_status="Completed" restricted="false" source_system_identifier="2101979">No</shared:history_of_neoadjuvant_treatment>
        <clin_shared:vital_status preferred_name="vital_status" display_order="19" cde="5" cde_ver="5.000" xsd_ver="2.6" tier="2" owner="TSS" procurement_status="Completed" restricted="false" source_system_identifier="2101981">Alive</clin_shared:vital_status>
        <clin_shared:days_to_last_followup precision="day" xsd_ver="1.12" tier="1" cde="3008273" owner="TSS" procurement_status="Completed" preferred_name="last_contact_days_to" display_order="23" cde_ver="1.000">422</clin_shared:days_to_last_followup>
        <clin_shared:days_to_death precision="day" xsd_ver="1.12" tier="1" cde="3165475" owner="TSS" procurement_status="Not Applicable" preferred_name="death_days_to" display_order="27" cde_ver="1.000"/>
        <clin_shared:person_neoplasm_cancer_status preferred_name="tumor_status" display_order="18" cde="2759550" cde_ver="1.000" xsd_ver="1.9" tier="2" owner="TSS" procurement_status="Completed" restricted="false" source_system_identifier="2101980">TUMOR FREE</clin_shared:person_neoplasm_cancer_status>
        <clin_shared:birth_control_pill_history_usage_category preferred_name="history_hormonal_contraceptives_use" display_order="13" cde="3104217" cde_ver="1.000" xsd_ver="2.3" tier="2" owner="TSS" procurement_status="Not Available" restricted="false" source_system_identifier="2101992"/>
        <cesc:number_of_successful_pregnancies_which_resulted_in_at_least_1_live_birth preferred_name="live_birth_pregnancy_count" display_order="14" cde="2183299" cde_ver="1.000" xsd_ver="2.3" tier="2" owner="TSS" procurement_status="Completed" restricted="false" source_system_identifier="2101994">1</cesc:number_of_successful_pregnancies_which_resulted_in_at_least_1_live_birth>
        <cesc:patient_pregnancy_spontaneous_abortion_count preferred_name="pregnancies_count_miscarriage" display_order="15" cde="2180637" cde_ver="1.000" xsd_ver="2.3" tier="2" owner="TSS" procurement_status="Not Available" restricted="false" source_system_identifier="2101995"/>
        <cesc:patient_pregnancy_therapeutic_abortion_count preferred_name="pregnancies_count_induced_abortion" display_order="16" cde="2180648" cde_ver="1.000" xsd_ver="2.3" tier="2" owner="TSS" procurement_status="Completed" restricted="false" source_system_identifier="2101996">3</cesc:patient_pregnancy_therapeutic_abortion_count>
        <cesc:ectopic_pregnancy_count preferred_name="pregnancies_count_ectopic" display_order="17" cde="2261915" cde_ver="1.000" xsd_ver="2.3" tier="2" owner="TSS" procurement_status="Not Available" restricted="false" source_system_identifier="2101997"/>
        <cesc:pregnancy_stillbirth_count preferred_name="pregnancies_count_stillbirth" display_order="18" cde="2183304" cde_ver="1.000" xsd_ver="2.3" tier="2" owner="TSS" procurement_status="Not Available" restricted="false" source_system_identifier="2101998"/>
        <cesc:female_breast_feeding_or_pregnancy_status_indicator preferred_name="pregnant_at_diagnosis" display_order="999" cde="3012573" cde_ver="1.000" xsd_ver="2.3" tier="2" owner="TSS" procurement_status="Not Available" restricted="false"/>
        <cesc:total_number_of_pregnancies preferred_name="total_pregnancy_count" display_order="20" cde="2180638" cde_ver="" xsd_ver="2.3" tier="2" owner="TSS" procurement_status="Not Available" restricted="false" source_system_identifier="2101993"/>
        <shared:tobacco_smoking_history preferred_name="tobacco_smoking_history_indicator" display_order="39" cde="2181650" cde_ver="1.000" xsd_ver="2.2" tier="2" owner="TSS" procurement_status="Completed" restricted="false" source_system_identifier="2102001">1</shared:tobacco_smoking_history>
        <clin_shared:age_began_smoking_in_years preferred_name="tobacco_smoking_age_started" display_order="40" cde="2178045" cde_ver="1.000" xsd_ver="2.3" tier="2" owner="TSS" procurement_status="Not Available" restricted="false" source_system_identifier="2102002"/>
        <clin_shared:stopped_smoking_year preferred_name="tobacco_smoking_year_stopped" display_order="41" cde="2228610" cde_ver="1.000" xsd_ver="2.5" tier="2" owner="TSS" procurement_status="Not Available" restricted="false" source_system_identifier="2102003"/>
        <clin_shared:number_pack_years_smoked preferred_name="tobacco_smoking_pack_years_smoked" display_order="42" cde="2955385" cde_ver="1.000" xsd_ver="2.5" tier="2" owner="TSS" procurement_status="Not Available" restricted="false" source_system_identifier="2102004"/>
        <cesc:patient_history_immune_system_and_related_disorders_names>
            <cesc:patient_history_immune_system_and_related_disorders_name preferred_name="history_immunosuppressive_disease" display_order="43" cde="3151446" cde_ver="1.000" xsd_ver="2.3" tier="2" owner="TSS" procurement_status="Not Available" restricted="false" source_system_identifier="2102005"/>
        </cesc:patient_history_immune_system_and_related_disorders_names>
        <cesc:patient_history_immune_system_and_related_disorders_text preferred_name="other_immunosuppressive_disease" display_order="44" cde="3151449" cde_ver="1.000" xsd_ver="2.3" tier="2" owner="TSS" procurement_status="Not Available" restricted="false" source_system_identifier="2102006"/>
        <clin_shared:eastern_cancer_oncology_group preferred_name="ecog_score" display_order="36" cde="88" cde_ver="5.100" xsd_ver="1.9" tier="2" owner="TSS" procurement_status="Not Available" restricted="false" source_system_identifier="2102007"/>
        <clin_shared:performance_status_scale_timing preferred_name="performance_status_timing" display_order="46" cde="2792763" cde_ver="1.000" xsd_ver="1.9" tier="2" owner="TSS" procurement_status="Not Available" restricted="false" source_system_identifier="2102008"/>
        <clin_shared:assessment_timepoint_category preferred_name="performance_status_other_timing" display_order="47" cde="3151756" cde_ver="1.000" xsd_ver="2.6" tier="2" owner="TSS" procurement_status="Not Applicable" restricted="false" source_system_identifier="2102009" xsi:nil="true"/>
        <clin_shared:days_to_performance_status_assessment precision="day" xsd_ver="2.5" tier="2" cde="3479270" owner="TSS" procurement_status="Not Available" preferred_name="performance_status_days_to" display_order="9999" cde_ver="1.000"/>
        <cesc:tumor_response_cdus_type preferred_name="tumor_response" display_order="999" cde="2178525" cde_ver="2.000" xsd_ver="2.3" tier="2" owner="TSS" procurement_status="Not Available" restricted="false"/>
        <clin_shared:primary_therapy_outcome_success preferred_name="treatment_outcome_first_course" display_order="38" cde="2786727" cde_ver="3.000" xsd_ver="2.5" tier="2" owner="TSS" procurement_status="Completed" restricted="false" source_system_identifier="2102013">Complete Remission/Response</clin_shared:primary_therapy_outcome_success>
        <clin_shared:tumor_tissue_site preferred_name="submitted_tumor_site" display_order="71" cde="3427536" cde_ver="2.000" xsd_ver="2.6" tier="2" owner="TSS" procurement_status="Completed" restricted="false" source_system_identifier="2102014">Cervical</clin_shared:tumor_tissue_site>
        <shared:histological_type preferred_name="histologic_diagnosis" display_order="53" cde="3081934" cde_ver="3.000" xsd_ver="2.5" tier="1" owner="TSS" procurement_status="Completed" restricted="false" source_system_identifier="2102015">Cervical Squamous Cell Carcinoma</shared:histological_type>
        <cesc:keratinizing_squamous_cell_carcinoma_present_indicator preferred_name="keratinization_squamous_cell" display_order="54" cde="3151599" cde_ver="1.000" xsd_ver="2.3" tier="2" owner="TSS" procurement_status="Completed" restricted="false" source_system_identifier="2102016">Non-keratinizing squamous cell carcinoma</cesc:keratinizing_squamous_cell_carcinoma_present_indicator>
        <shared:neoplasm_histologic_grade preferred_name="tumor_grade" display_order="55" cde="2785839" cde_ver="2.000" xsd_ver="2.5" tier="1" owner="TSS" procurement_status="Completed" restricted="false" source_system_identifier="2102017">G2</shared:neoplasm_histologic_grade>
        <clin_shared:days_to_initial_pathologic_diagnosis precision="day" xsd_ver="1.12" tier="1" cde="3008275" owner="TSS" procurement_status="Completed" preferred_name="" display_order="9999" cde_ver="">0</clin_shared:days_to_initial_pathologic_diagnosis>
        <clin_shared:age_at_initial_pathologic_diagnosis precision="day" xsd_ver="1.12" tier="1" cde="2006657" owner="TSS" procurement_status="Completed">27</clin_shared:age_at_initial_pathologic_diagnosis>
        <clin_shared:year_of_initial_pathologic_diagnosis preferred_name="initial_pathologic_dx_year" display_order="58" cde="2896960" cde_ver="1.000" xsd_ver="1.12" tier="1" owner="TSS" procurement_status="Completed" restricted="false" source_system_identifier="2102020">2012</clin_shared:year_of_initial_pathologic_diagnosis>
        <clin_shared:initial_pathologic_diagnosis_method preferred_name="method_initial_path_dx" display_order="60" cde="2757941" cde_ver="1.000" xsd_ver="2.5" tier="2" owner="TSS" procurement_status="Completed" restricted="false" source_system_identifier="2102022">Cone Biopsy / LEEP</clin_shared:initial_pathologic_diagnosis_method>
        <clin_shared:init_pathology_dx_method_other preferred_name="method_initial_path_dx_other" display_order="61" cde="2757948" cde_ver="1.000" xsd_ver="2.5" tier="2" owner="TSS" procurement_status="Not Applicable" restricted="false" source_system_identifier="2102023" xsi:nil="true"/>
        <cesc:lymph_node_location_positive_pathology_names>
            <cesc:lymph_node_location_positive_pathology_name preferred_name="pos_lymph_node_location" display_order="73" cde="3151519" cde_ver="1.000" xsd_ver="2.3" tier="2" owner="TSS" procurement_status="Not Available" restricted="false" source_system_identifier="2102035"/>
        </cesc:lymph_node_location_positive_pathology_names>
        <cesc:lymph_node_location_positive_pathology_text preferred_name="other_pos_node_location" display_order="74" cde="3151522" cde_ver="1.000" xsd_ver="2.3" tier="2" owner="TSS" procurement_status="Not Available" restricted="false" source_system_identifier="2102036"/>
        <cesc:hysterectomy_performed_type preferred_name="hysterectomy_type" display_order="62" cde="2647164" cde_ver="1.000" xsd_ver="2.3" tier="2" owner="TSS" procurement_status="Completed" restricted="false" source_system_identifier="2102024">Radical Hysterectomy</cesc:hysterectomy_performed_type>
        <cesc:hysterectomy_performed_text preferred_name="other_hysterectomy_type" display_order="63" cde="3151506" cde_ver="1.000" xsd_ver="2.3" tier="2" owner="TSS" procurement_status="Not Applicable" restricted="false" source_system_identifier="2102025" xsi:nil="true"/>
        <cesc:cervical_neoplasm_pathologic_margin_involved_type preferred_name="margins_involved_hysterectomy" display_order="64" cde="3151541" cde_ver="1.000" xsd_ver="2.3" tier="2" owner="TSS" procurement_status="Completed" restricted="false" source_system_identifier="2102026">Other Location, specify</cesc:cervical_neoplasm_pathologic_margin_involved_type>
        <cesc:cervical_neoplasm_pathologic_margin_involved_text preferred_name="other_involved_margins" display_order="65" cde="3151544" cde_ver="1.000" xsd_ver="2.3" tier="2" owner="TSS" procurement_status="Completed" restricted="false" source_system_identifier="2102027">uninvolved margins</cesc:cervical_neoplasm_pathologic_margin_involved_text>
        <cesc:cervical_carcinoma_pelvic_extension_text preferred_name="pelvic_extension_comment" display_order="66" cde="3151605" cde_ver="1.000" xsd_ver="2.3" tier="2" owner="TSS" procurement_status="Not Available" restricted="false" source_system_identifier="2102028"/>
        <clin_shared:primary_lymph_node_presentation_assessment preferred_name="lymph_nodes_examined" display_order="69" cde="2200396" cde_ver="1.000" xsd_ver="2.5" tier="2" owner="TSS" procurement_status="Completed" restricted="false" source_system_identifier="2102031">YES</clin_shared:primary_lymph_node_presentation_assessment>
        <clin_shared:lymph_node_examined_count preferred_name="lymph_nodes_examined_count" display_order="70" cde="3" cde_ver="3.000" xsd_ver="2.5" tier="2" owner="TSS" procurement_status="Completed" restricted="false" source_system_identifier="2102032">17</clin_shared:lymph_node_examined_count>
        <clin_shared:number_of_lymphnodes_positive_by_he preferred_name="lymph_nodes_examined_he_count" display_order="71" cde="3086388" cde_ver="1.000" xsd_ver="2.5" tier="2" owner="TSS" procurement_status="Completed" restricted="false" source_system_identifier="2102033">0</clin_shared:number_of_lymphnodes_positive_by_he>
        <clin_shared:number_of_lymphnodes_positive_by_ihc preferred_name="lymph_nodes_examined_ihc_count" display_order="72" cde="3086383" cde_ver="1.000" xsd_ver="2.5" tier="2" owner="TSS" procurement_status="Completed" restricted="false" source_system_identifier="2102034">0</clin_shared:number_of_lymphnodes_positive_by_ihc>
        <cesc:lymphovascular_invasion_indicator preferred_name="lymphovascular_invasion" display_order="87" cde="64727" cde_ver="3.000" xsd_ver="2.3" tier="2" owner="TSS" procurement_status="Not Available" restricted="false" source_system_identifier="2102029"/>
        <cesc:cervical_carcinoma_corpus_uteri_involvement_indicator preferred_name="corpus_involvement" display_order="68" cde="3151610" cde_ver="1.000" xsd_ver="2.3" tier="2" owner="TSS" procurement_status="Not Available" restricted="false" source_system_identifier="2102030"/>
        <cesc:days_to_fdg_or_ct_pet_performed precision="day" xsd_ver="2.4" tier="2" cde="5654367" owner="TSS" procurement_status="Completed" preferred_name="" display_order="9999" cde_ver="">52</cesc:days_to_fdg_or_ct_pet_performed>
        <cesc:standardized_uptake_value_cervix_uteri_assessment_measurement preferred_name="cervix_suv_results" display_order="84" cde="3151615" cde_ver="1.000" xsd_ver="2.3" tier="2" owner="TSS" procurement_status="Completed" restricted="false" source_system_identifier="2102193">6.47</cesc:standardized_uptake_value_cervix_uteri_assessment_measurement>
        <cesc:fdg_or_ct_pet_performed_outcomes/>
        <cesc:days_to_diagnostic_mri_performed precision="day" xsd_ver="2.4" tier="2" cde="3414554" owner="TSS" procurement_status="Not Available" preferred_name="days_to_mri" display_order="9999" cde_ver="1.000"/>
        <cesc:diagnostic_mri_result_outcomes/>
        <cesc:days_to_diagnostic_computed_tomography_performed precision="day" xsd_ver="2.4" tier="2" cde="3414503" owner="TSS" procurement_status="Not Available" preferred_name="days_to_ct_scan_ab_pelvis" display_order="9999" cde_ver="1.000"/>
        <cesc:diagnostic_ct_result_outcomes/>
        <cesc:human_papillomavirus_types>
            <cesc:human_papillomavirus_type preferred_name="hpv_types_positive" display_order="109" cde="2922649" cde_ver="1.000" xsd_ver="2.3" tier="2" owner="TSS" procurement_status="Completed" restricted="false" source_system_identifier="2102218">Other HPV type(s)</cesc:human_papillomavirus_type>
        </cesc:human_papillomavirus_types>
        <cesc:human_papillomavirus_other_type_text preferred_name="hpv_types_other" display_order="110" cde="3166168" cde_ver="1.000" xsd_ver="2.3" tier="2" owner="TSS" procurement_status="Completed" restricted="false" source_system_identifier="2102219">High risk</cesc:human_papillomavirus_other_type_text>
        <cesc:human_papillomavirus_laboratory_procedure_performed_name preferred_name="hpv_typing_method" display_order="111" cde="3151457" cde_ver="1.000" xsd_ver="2.3" tier="2" owner="TSS" procurement_status="Completed" restricted="false" source_system_identifier="2102220">Other, specify</cesc:human_papillomavirus_laboratory_procedure_performed_name>
        <cesc:human_papillomavirus_laboratory_procedure_performed_text preferred_name="hpv_typing_method_other" display_order="112" cde="3151460" cde_ver="1.000" xsd_ver="2.3" tier="2" owner="TSS" procurement_status="Completed" restricted="false" source_system_identifier="2102221">Hybrid Capture 2</cesc:human_papillomavirus_laboratory_procedure_performed_text>
        <cesc:oligonucleotide_primer_pair_laboratory_procedure_performed_name preferred_name="pcr_primer_pairs" display_order="113" cde="3151487" cde_ver="1.000" xsd_ver="2.3" tier="2" owner="TSS" procurement_status="Not Available" restricted="false" source_system_identifier="2102222"/>
        <cesc:oligonucleotide_primer_pair_laboratory_procedure_performed_text preferred_name="pcr_primer_pairs_other" display_order="114" cde="3151490" cde_ver="1.000" xsd_ver="2.3" tier="2" owner="TSS" procurement_status="Not Applicable" restricted="false" source_system_identifier="2102223" xsi:nil="true"/>
        <cesc:laboratory_procedure_tumor_marker_squamous_cell_carcinoma_antigen_result_value preferred_name="scca_tumor_marker" display_order="115" cde="3151234" cde_ver="1.000" xsd_ver="2.3" tier="2" owner="TSS" procurement_status="Not Available" restricted="false" source_system_identifier="2102224"/>
        <cesc:days_to_laboratory_procedure_tumor_marker_squamous_cell_carcinoma_antigen_result precision="day" xsd_ver="2.4" tier="2" cde="5654374" owner="TSS" procurement_status="Not Available" preferred_name="" display_order="9999" cde_ver=""/>
        <shared_stage:stage_event system="FIGO">
            <shared_stage:system_version preferred_name="ajcc_staging_edition" display_order="75" cde="3114049" cde_ver="1.000" xsd_ver="2.6" tier="1" owner="TSS" procurement_status="Completed" restricted="false" source_system_identifier="2102041">2009</shared_stage:system_version>
            <shared_stage:clinical_stage preferred_name="ajcc_clinical_tumor_stage" display_order="9999" cde="3225684" cde_ver="1.000" xsd_ver="2.6" tier="2" owner="TSS" procurement_status="Completed" restricted="false" source_system_identifier="2102042">Stage IIA1</shared_stage:clinical_stage>
            <shared_stage:pathologic_stage preferred_name="ajcc_pathologic_tumor_stage" display_order="40" cde="3203222" cde_ver="1.000" xsd_ver="2.6" tier="2" owner="TSS" procurement_status="Not Available" restricted="false"/>
            <shared_stage:tnm_categories>
                <shared_stage:clinical_categories>
                    <shared_stage:clinical_T preferred_name="ajcc_tumor_clinical_ct" display_order="95" cde="3440328" cde_ver="1.000" xsd_ver="2.6" tier="2" owner="TSS" procurement_status="Not Applicable" restricted="false"/>
                    <shared_stage:clinical_N preferred_name="ajcc_nodes_clinical_cn" display_order="97" cde="3440330" cde_ver="1.000" xsd_ver="2.6" tier="2" owner="TSS" procurement_status="Not Applicable" restricted="false"/>
                    <shared_stage:clinical_M preferred_name="ajcc_metastasis_clinical_cm" display_order="99" cde="3440331" cde_ver="1.000" xsd_ver="2.6" tier="2" owner="TSS" procurement_status="Not Applicable" restricted="false"/>
                </shared_stage:clinical_categories>
                <shared_stage:pathologic_categories>
                    <shared_stage:pathologic_T preferred_name="ajcc_tumor_pathologic_pt" display_order="76" cde="3045435" cde_ver="1.000" xsd_ver="2.6" tier="1" owner="TSS" procurement_status="Completed" restricted="false" source_system_identifier="2102038">T2a1</shared_stage:pathologic_T>
                    <shared_stage:pathologic_N preferred_name="ajcc_nodes_pathologic_pn" display_order="77" cde="3203106" cde_ver="1.000" xsd_ver="2.6" tier="1" owner="TSS" procurement_status="Completed" restricted="false" source_system_identifier="2102039">N0</shared_stage:pathologic_N>
                    <shared_stage:pathologic_M preferred_name="ajcc_metastasis_pathologic_pm" display_order="78" cde="3045439" cde_ver="1.000" xsd_ver="2.6" tier="1" owner="TSS" procurement_status="Completed" restricted="false" source_system_identifier="2102040">MX</shared_stage:pathologic_M>
                </shared_stage:pathologic_categories>
            </shared_stage:tnm_categories>
            <shared_stage:psa>
                <shared_stage:psa_value preferred_name="psa_most_recent_results" display_order="9999" cde="3351903" cde_ver="1.000" xsd_ver="2.6" tier="2" owner="TSS" procurement_status="Not Applicable" restricted="false"/>
                <shared_stage:days_to_psa precision="day" xsd_ver="2.6" tier="2" cde="3414608" owner="TSS" procurement_status="Not Applicable" preferred_name="days_to_psa_most_recent" display_order="9999" cde_ver="1.000"/>
            </shared_stage:psa>
            <shared_stage:gleason_grading>
                <shared_stage:gleason_score preferred_name="gleason_score" display_order="9999" cde="2534619" cde_ver="1.000" xsd_ver="2.6" tier="2" owner="TSS" procurement_status="Not Applicable" restricted="false"/>
                <shared_stage:primary_pattern preferred_name="gleason_pattern_primary" display_order="9999" cde="2534617" cde_ver="1.000" xsd_ver="2.6" tier="2" owner="TSS" procurement_status="Not Applicable" restricted="false"/>
                <shared_stage:secondary_pattern preferred_name="gleason_pattern_secondary" display_order="9999" cde="2534618" cde_ver="1.000" xsd_ver="2.6" tier="2" owner="TSS" procurement_status="Not Applicable" restricted="false"/>
                <shared_stage:tertiary_pattern preferred_name="gleason_pattern_tertiary" display_order="9999" cde="2783875" cde_ver="1.000" xsd_ver="2.6" tier="2" owner="TSS" procurement_status="Not Applicable" restricted="false"/>
            </shared_stage:gleason_grading>
            <shared_stage:ann_arbor>
                <shared_stage:b_symptoms preferred_name="b_symptoms_present_indicator" display_order="9999" cde="2902402" cde_ver="1.000" xsd_ver="2.6" tier="2" owner="TSS" procurement_status="Not Applicable" restricted="false"/>
                <shared_stage:extranodal_involvement preferred_name="extranodal_lymphomatous_involvement" display_order="9999" cde="3364582" cde_ver="1.000" xsd_ver="2.6" tier="2" owner="TSS" procurement_status="Not Applicable" restricted="false"/>
            </shared_stage:ann_arbor>
            <shared_stage:serum_markers preferred_name="" display_order="9999" cde="3901772" cde_ver="1.000" xsd_ver="2.6" tier="2" owner="TSS" procurement_status="Not Applicable" restricted="false"/>
            <shared_stage:igcccg_stage preferred_name="" display_order="9999" cde="3901822" cde_ver="1.000" xsd_ver="2.6" tier="2" owner="TSS" procurement_status="Not Applicable" restricted="false"/>
            <shared_stage:masaoka_stage preferred_name="" display_order="9999" cde="3952848" cde_ver="" xsd_ver="2.6" tier="2" owner="TSS" procurement_status="Not Applicable" restricted="false"/>
        </shared_stage:stage_event>
        <clin_shared:patient_death_reason preferred_name="cause_of_death" display_order="28" cde="2554674" cde_ver="2.000" xsd_ver="2.5" tier="2" owner="TSS" procurement_status="Not Available" restricted="false" source_system_identifier="2101990"/>
        <cesc_shared:death_cause_text preferred_name="cause_of_death_other" display_order="29" cde="2004150" cde_ver="3.000" xsd_ver="2.3" tier="2" owner="TSS" procurement_status="Not Available" restricted="false" source_system_identifier="2101991"/>
        <cesc_shared:pregnant_at_diagnosis preferred_name="pregnant_at_diagnosis" display_order="21" cde="2005346" cde_ver="3.000" xsd_ver="2.5" tier="2" owner="TSS" procurement_status="Not Available" restricted="false" source_system_identifier="2102000"/>
        <cesc_shared:treatment>
            <clin_shared:radiation_therapy preferred_name="radiation_treatment_adjuvant" display_order="39" cde="2005312" cde_ver="4.000" xsd_ver="1.9" tier="2" owner="TSS" procurement_status="Completed" restricted="false" source_system_identifier="2103029">NO</clin_shared:radiation_therapy>
            <cesc_shared:radiation_therapy_info>
                <cesc_shared:radiation_therapy_not_administered_reason preferred_name="rt_tx_reason_not_completed" display_order="121" cde="2733266" cde_ver="1.000" xsd_ver="2.3" tier="2" owner="TSS" procurement_status="Completed" restricted="false" source_system_identifier="2103031">Not done per treating physician discretion</cesc_shared:radiation_therapy_not_administered_reason>
                <cesc_shared:radiation_therapy_not_administered_specify preferred_name="rt_tx_reason_not_completed_other" display_order="122" cde="2733267" cde_ver="1.000" xsd_ver="2.3" tier="2" owner="TSS" procurement_status="Not Applicable" restricted="false" source_system_identifier="2103032" xsi:nil="true"/>
                <cesc_shared:brachytherapy_method_type preferred_name="brachytherapy_type" display_order="123" cde="2966127" cde_ver="1.000" xsd_ver="2.3" tier="2" owner="TSS" procurement_status="Not Available" restricted="false" source_system_identifier="2103033"/>
                <cesc_shared:brachytherapy_method_other_specify_text preferred_name="brachytherapy_type_other" display_order="124" cde="3150976" cde_ver="1.000" xsd_ver="2.3" tier="2" owner="TSS" procurement_status="Not Applicable" restricted="false" source_system_identifier="2103034" xsi:nil="true"/>
                <cesc_shared:brachytherapy_first_reference_point_administered_total_dose preferred_name="brachytherapy_total_dose_point_a" display_order="125" cde="3151100" cde_ver="1.000" xsd_ver="2.3" tier="2" owner="TSS" procurement_status="Not Available" restricted="false" source_system_identifier="2103035"/>
                <cesc_shared:rt_administered_type preferred_name="radiation_therapy_xrt_type" display_order="126" cde="61468" cde_ver="3.000" xsd_ver="2.3" tier="2" owner="TSS" procurement_status="Not Available" restricted="false" source_system_identifier="2103036"/>
                <rad:radiation_type_notes preferred_name="radiation_type_other" display_order="127" cde="2195477" cde_ver="1.000" xsd_ver="1.12" tier="2" owner="TSS" procurement_status="Not Applicable" restricted="false" source_system_identifier="2103037"/>
                <cesc_shared:rt_pelvis_administered_total_dose preferred_name="rt_tx_total_dose_to_pelvis" display_order="128" cde="3006" cde_ver="3.000" xsd_ver="2.3" tier="2" owner="TSS" procurement_status="Not Available" restricted="false" source_system_identifier="2103038"/>
                <cesc_shared:external_beam_radiation_therapy_administered_paraaortic_region_lymph_node_dose preferred_name="radiation_therapy_dose_paraaortic_nodes" display_order="129" cde="3151106" cde_ver="1.000" xsd_ver="2.3" tier="2" owner="TSS" procurement_status="Not Available" restricted="false" source_system_identifier="2103039"/>
            </cesc_shared:radiation_therapy_info>
            <clin_shared:postoperative_rx_tx preferred_name="pharmaceutical_tx_adjuvant" display_order="40" cde="3397567" cde_ver="1.000" xsd_ver="2.5" tier="2" owner="TSS" procurement_status="Completed" restricted="false" source_system_identifier="2103030">NO</clin_shared:postoperative_rx_tx>
            <cesc_shared:concurrent_rx_tx_info>
                <cesc_shared:concurrent_chemotherapy_indicator preferred_name="chemotherapy_concurrent_indicator" display_order="999" cde="2539220" cde_ver="1.000" xsd_ver="2.7" tier="2" owner="TSS" procurement_status="Not Available" restricted="false" source_system_identifier="2103040"/>
                <cesc_shared:chemotherapy_negation_radiation_therapy_concurrent_not_administered_reason preferred_name="chemo_concurrent_reason_not_given" display_order="131" cde="3151120" cde_ver="1.000" xsd_ver="2.3" tier="2" owner="TSS" procurement_status="Not Available" restricted="false" source_system_identifier="2103041"/>
                <cesc_shared:chemotherapy_negation_radiation_therapy_concurrent_administered_text preferred_name="chemo_concurrent_reason_not_other" display_order="132" cde="3151824" cde_ver="1.000" xsd_ver="2.3" tier="2" owner="TSS" procurement_status="Not Applicable" restricted="false" source_system_identifier="2103042" xsi:nil="true"/>
                <cesc_shared:concurrent_rx_tx>
                    <cesc_shared:chemotherapy_regimen_type preferred_name="chemo_concurrent_type" display_order="133" cde="2007212" cde_ver="3.000" xsd_ver="2.3" tier="2" owner="TSS" procurement_status="Not Available" restricted="false" source_system_identifier="2103043"/>
                    <cesc_shared:other_chemotherapy_agent_administration_specify preferred_name="chemo_concurrent_type_other" display_order="134" cde="2426129" cde_ver="1.000" xsd_ver="2.3" tier="2" owner="TSS" procurement_status="Not Applicable" restricted="false" source_system_identifier="2103044" xsi:nil="true"/>
                    <cesc_shared:concurrent_chemotherapy_dose preferred_name="chemo_concurrent_dose" display_order="135" cde="3166172" cde_ver="1.000" xsd_ver="2.5" tier="2" owner="TSS" procurement_status="Not Available" restricted="false" source_system_identifier="2103045"/>
                    <cesc_shared:dose_frequency_text preferred_name="chemo_concurrent_course" display_order="136" cde="2179580" cde_ver="1.000" xsd_ver="2.3" tier="2" owner="TSS" procurement_status="Not Available" restricted="false" source_system_identifier="2103046"/>
                    <cesc_shared:agent_total_dose_count preferred_name="chemo_concurrent_fractions_total" display_order="137" cde="2180805" cde_ver="1.000" xsd_ver="2.3" tier="2" owner="TSS" procurement_status="Not Available" restricted="false" source_system_identifier="2103047"/>
                </cesc_shared:concurrent_rx_tx>
            </cesc_shared:concurrent_rx_tx_info>
        </cesc_shared:treatment>
        <cesc_nte:new_tumor_events>
            <nte:new_tumor_event_after_initial_treatment preferred_name="new_tumor_event_dx_indicator" display_order="138" cde="3121376" cde_ver="1.000" xsd_ver="2.5" tier="2" owner="TSS" procurement_status="Completed" restricted="false" source_system_identifier="2103048">NO</nte:new_tumor_event_after_initial_treatment>
            <cesc_nte:new_tumor_event>
                <nte:days_to_new_tumor_event_after_initial_treatment precision="day" xsd_ver="2.2" tier="1" cde="3392464" owner="TSS" procurement_status="Not Available" preferred_name="new_tumor_event_dx_days_to" display_order="145" cde_ver="1.000"/>
                <nte:new_neoplasm_event_type preferred_name="new_tumor_event_type" display_order="139" cde="3119721" cde_ver="1.000" xsd_ver="2.5" tier="2" owner="TSS" procurement_status="Not Available" restricted="false" source_system_identifier="2103049"/>
                <nte:new_neoplasm_event_occurrence_anatomic_site preferred_name="new_tumor_event_site" display_order="140" cde="3108271" cde_ver="2.000" xsd_ver="2.5" tier="2" owner="TSS" procurement_status="Not Available" restricted="false" source_system_identifier="2103050"/>
                <nte:new_neoplasm_occurrence_anatomic_site_text preferred_name="new_tumor_event_site_other" display_order="141" cde="3128033" cde_ver="1.000" xsd_ver="2.5" tier="2" owner="TSS" procurement_status="Not Available" restricted="false" source_system_identifier="2103051"/>
                <nte:new_tumor_event_additional_surgery_procedure preferred_name="new_tumor_event_surgery" display_order="148" cde="3427611" cde_ver="1.000" xsd_ver="2.5" tier="2" owner="TSS" procurement_status="Not Available" restricted="false" source_system_identifier="2103058"/>
                <nte:days_to_new_tumor_event_additional_surgery_procedure precision="day" xsd_ver="2.5" tier="2" cde="3008335" owner="TSS" procurement_status="Not Available" preferred_name="new_tumor_event_surgery_days_to" display_order="152" cde_ver="1.000"/>
                <nte:residual_disease_post_new_tumor_event_margin_status preferred_name="new_tumor_event_residual_tumor" display_order="9999" cde="3008753" cde_ver="2.000" xsd_ver="2.3" tier="2" owner="TSS" procurement_status="Not Available" restricted="false" source_system_identifier="2103063"/>
                <nte:additional_radiation_therapy preferred_name="new_tumor_event_radiation_tx" display_order="151" cde="3427615" cde_ver="1.000" xsd_ver="2.5" tier="2" owner="TSS" procurement_status="Not Available" restricted="false" source_system_identifier="2103064"/>
                <nte:additional_pharmaceutical_therapy preferred_name="new_tumor_event_pharmaceutical_tx" display_order="152" cde="3427616" cde_ver="1.000" xsd_ver="2.5" tier="2" owner="TSS" procurement_status="Not Available" restricted="false" source_system_identifier="2103065"/>
                <cesc_shared:new_neoplasm_event_post_initial_therapy_diagnosis_method_type preferred_name="new_tumor_event_surgery" display_order="146" cde="3151113" cde_ver="1.000" xsd_ver="2.3" tier="2" owner="TSS" procurement_status="Not Available" restricted="false" source_system_identifier="2103056"/>
                <cesc_shared:new_neoplasm_event_post_initial_therapy_diagnosis_method_text preferred_name="new_tumor_event_pathologic_dx_other" display_order="147" cde="3151116" cde_ver="1.000" xsd_ver="2.3" tier="2" owner="TSS" procurement_status="Not Applicable" restricted="false" source_system_identifier="2103057" xsi:nil="true"/>
            </cesc_nte:new_tumor_event>
        </cesc_nte:new_tumor_events>
        <clin_shared:day_of_form_completion preferred_name="form_completion_day" display_order="999" cde="2975716" cde_ver="1.000" xsd_ver="2.2" tier="2" owner="TSS" procurement_status="Completed" restricted="false">14</clin_shared:day_of_form_completion>
        <clin_shared:month_of_form_completion preferred_name="form_completion_month" display_order="999" cde="2975718" cde_ver="1.000" xsd_ver="2.2" tier="2" owner="TSS" procurement_status="Completed" restricted="false">9</clin_shared:month_of_form_completion>
        <clin_shared:year_of_form_completion preferred_name="form_completion_year" display_order="999" cde="2975720" cde_ver="1.000" xsd_ver="2.2" tier="2" owner="TSS" procurement_status="Completed" restricted="false">2012</clin_shared:year_of_form_completion>
        <cesc:follow_ups>
            <follow_up_v4.0:follow_up version="4.0" sequence="1">
                <clin_shared:bcr_followup_barcode preferred_name="" display_order="9999" cde="" cde_ver="" xsd_ver="2.5" owner="TSS" procurement_status="Completed" restricted="false">TCGA-MU-A51Y-F69301</clin_shared:bcr_followup_barcode>
                <clin_shared:bcr_followup_uuid preferred_name="" display_order="9999" cde="" cde_ver="" xsd_ver="2.5" owner="TSS" procurement_status="Completed" restricted="false">152EB6D4-360D-490C-B68B-05325803AB2F</clin_shared:bcr_followup_uuid>
                <clin_shared:lost_follow_up preferred_name="followup_lost_to" display_order="153" cde="61333" cde_ver="3.000" xsd_ver="2.5" tier="2" owner="TSS" procurement_status="Completed" restricted="false" source_system_identifier="4048040">NO</clin_shared:lost_follow_up>
                <clin_shared:radiation_therapy preferred_name="radiation_treatment_adjuvant" display_order="39" cde="2005312" cde_ver="4.000" xsd_ver="1.9" tier="2" owner="TSS" procurement_status="Completed" restricted="false" source_system_identifier="4048041">YES</clin_shared:radiation_therapy>
                <clin_shared:postoperative_rx_tx preferred_name="pharmaceutical_tx_adjuvant" display_order="40" cde="3397567" cde_ver="1.000" xsd_ver="2.5" tier="2" owner="TSS" procurement_status="Completed" restricted="false" source_system_identifier="4048042">YES</clin_shared:postoperative_rx_tx>
                <clin_shared:person_neoplasm_cancer_status preferred_name="tumor_status" display_order="18" cde="2759550" cde_ver="1.000" xsd_ver="1.9" tier="2" owner="TSS" procurement_status="Completed" restricted="false" source_system_identifier="4048043">TUMOR FREE</clin_shared:person_neoplasm_cancer_status>
                <clin_shared:vital_status preferred_name="vital_status" display_order="19" cde="5" cde_ver="5.000" xsd_ver="2.6" tier="2" owner="TSS" procurement_status="Completed" restricted="false" source_system_identifier="4048044">Alive</clin_shared:vital_status>
                <clin_shared:days_to_last_followup precision="day" xsd_ver="1.12" tier="1" cde="3008273" owner="TSS" procurement_status="Completed" preferred_name="last_contact_days_to" display_order="23" cde_ver="1.000">854</clin_shared:days_to_last_followup>
                <clin_shared:days_to_death precision="day" xsd_ver="1.12" tier="1" cde="3165475" owner="TSS" procurement_status="Not Applicable" preferred_name="death_days_to" display_order="27" cde_ver="1.000"/>
                <clin_shared:patient_death_reason preferred_name="cause_of_death" display_order="28" cde="2554674" cde_ver="2.000" xsd_ver="2.5" tier="2" owner="TSS" procurement_status="Not Available" restricted="false" source_system_identifier="4048053"/>
                <cesc_shared:death_cause_text preferred_name="cause_of_death_other" display_order="29" cde="2004150" cde_ver="3.000" xsd_ver="2.3" tier="2" owner="TSS" procurement_status="Not Available" restricted="false" source_system_identifier="4048054"/>
                <clin_shared:eastern_cancer_oncology_group preferred_name="ecog_score" display_order="36" cde="88" cde_ver="5.100" xsd_ver="1.9" tier="2" owner="TSS" procurement_status="Completed" restricted="false" source_system_identifier="4048055">1</clin_shared:eastern_cancer_oncology_group>
                <clin_shared:performance_status_scale_timing preferred_name="performance_status_timing" display_order="46" cde="2792763" cde_ver="1.000" xsd_ver="1.9" tier="2" owner="TSS" procurement_status="Completed" restricted="false" source_system_identifier="4048056">Post-Adjuvant Therapy</clin_shared:performance_status_scale_timing>
                <clin_shared:assessment_timepoint_category preferred_name="performance_status_other_timing" display_order="47" cde="3151756" cde_ver="1.000" xsd_ver="2.6" tier="2" owner="TSS" procurement_status="Not Applicable" restricted="false" source_system_identifier="4048057" xsi:nil="true"/>
                <clin_shared:days_to_performance_status_assessment precision="day" xsd_ver="2.5" tier="2" cde="3479270" owner="TSS" procurement_status="Completed" preferred_name="performance_status_days_to" display_order="9999" cde_ver="1.000">854</clin_shared:days_to_performance_status_assessment>
                <clin_shared:primary_therapy_outcome_success preferred_name="treatment_outcome_first_course" display_order="38" cde="2786727" cde_ver="3.000" xsd_ver="2.5" tier="2" owner="TSS" procurement_status="Completed" restricted="false" source_system_identifier="4048061">Complete Remission/Response</clin_shared:primary_therapy_outcome_success>
                <clin_shared:additional_treatment_completion_success_outcome preferred_name="treatment_outcome_at_tcga_followup" display_order="26" cde="3033278" cde_ver="1.000" xsd_ver="2.5" tier="1" owner="TSS" procurement_status="Completed" restricted="false" source_system_identifier="4048062">Complete Response</clin_shared:additional_treatment_completion_success_outcome>
                <cesc_shared:treatment>
                    <clin_shared:radiation_therapy preferred_name="radiation_treatment_adjuvant" display_order="39" cde="2005312" cde_ver="4.000" xsd_ver="1.9" tier="2" owner="TSS" procurement_status="Completed" restricted="false" source_system_identifier="4048041">YES</clin_shared:radiation_therapy>
                    <cesc_shared:radiation_therapy_info>
                        <cesc_shared:radiation_therapy_not_administered_reason preferred_name="rt_tx_reason_not_completed" display_order="121" cde="2733266" cde_ver="1.000" xsd_ver="2.3" tier="2" owner="TSS" procurement_status="Not Available" restricted="false" source_system_identifier="4048063"/>
                        <cesc_shared:radiation_therapy_not_administered_specify preferred_name="rt_tx_reason_not_completed_other" display_order="122" cde="2733267" cde_ver="1.000" xsd_ver="2.3" tier="2" owner="TSS" procurement_status="Not Applicable" restricted="false" source_system_identifier="4048064" xsi:nil="true"/>
                        <cesc_shared:brachytherapy_method_type preferred_name="brachytherapy_type" display_order="123" cde="2966127" cde_ver="1.000" xsd_ver="2.3" tier="2" owner="TSS" procurement_status="Not Available" restricted="false" source_system_identifier="4048065"/>
                        <cesc_shared:brachytherapy_method_other_specify_text preferred_name="brachytherapy_type_other" display_order="124" cde="3150976" cde_ver="1.000" xsd_ver="2.3" tier="2" owner="TSS" procurement_status="Not Applicable" restricted="false" source_system_identifier="4048066" xsi:nil="true"/>
                        <cesc_shared:brachytherapy_first_reference_point_administered_total_dose preferred_name="brachytherapy_total_dose_point_a" display_order="125" cde="3151100" cde_ver="1.000" xsd_ver="2.3" tier="2" owner="TSS" procurement_status="Not Available" restricted="false" source_system_identifier="4048067"/>
                        <cesc_shared:rt_administered_type preferred_name="radiation_therapy_xrt_type" display_order="126" cde="61468" cde_ver="3.000" xsd_ver="2.3" tier="2" owner="TSS" procurement_status="Completed" restricted="false" source_system_identifier="4048068">External beam radiation</cesc_shared:rt_administered_type>
                        <rad:radiation_type_notes preferred_name="radiation_type_other" display_order="127" cde="2195477" cde_ver="1.000" xsd_ver="1.12" tier="2" owner="TSS" procurement_status="Not Applicable" restricted="false" source_system_identifier="4048069"/>
                        <cesc_shared:rt_pelvis_administered_total_dose preferred_name="rt_tx_total_dose_to_pelvis" display_order="128" cde="3006" cde_ver="3.000" xsd_ver="2.3" tier="2" owner="TSS" procurement_status="Completed" restricted="false" source_system_identifier="4048070">4500</cesc_shared:rt_pelvis_administered_total_dose>
                        <cesc_shared:external_beam_radiation_therapy_administered_paraaortic_region_lymph_node_dose preferred_name="radiation_therapy_dose_paraaortic_nodes" display_order="129" cde="3151106" cde_ver="1.000" xsd_ver="2.3" tier="2" owner="TSS" procurement_status="Not Available" restricted="false" source_system_identifier="4048071"/>
                    </cesc_shared:radiation_therapy_info>
                    <clin_shared:postoperative_rx_tx preferred_name="pharmaceutical_tx_adjuvant" display_order="40" cde="3397567" cde_ver="1.000" xsd_ver="2.5" tier="2" owner="TSS" procurement_status="Completed" restricted="false" source_system_identifier="4048042">YES</clin_shared:postoperative_rx_tx>
                    <cesc_shared:concurrent_rx_tx_info>
                        <cesc_shared:concurrent_chemotherapy_indicator preferred_name="chemotherapy_concurrent_indicator" display_order="999" cde="2539220" cde_ver="1.000" xsd_ver="2.7" tier="2" owner="TSS" procurement_status="Completed" restricted="false" source_system_identifier="4048072">YES</cesc_shared:concurrent_chemotherapy_indicator>
                        <cesc_shared:chemotherapy_negation_radiation_therapy_concurrent_not_administered_reason preferred_name="chemo_concurrent_reason_not_given" display_order="131" cde="3151120" cde_ver="1.000" xsd_ver="2.3" tier="2" owner="TSS" procurement_status="Not Available" restricted="false" source_system_identifier="4048073"/>
                        <cesc_shared:chemotherapy_negation_radiation_therapy_concurrent_administered_text preferred_name="chemo_concurrent_reason_not_other" display_order="132" cde="3151824" cde_ver="1.000" xsd_ver="2.3" tier="2" owner="TSS" procurement_status="Not Applicable" restricted="false" source_system_identifier="4048074" xsi:nil="true"/>
                        <cesc_shared:concurrent_rx_tx>
                            <cesc_shared:chemotherapy_regimen_type preferred_name="chemo_concurrent_type" display_order="133" cde="2007212" cde_ver="3.000" xsd_ver="2.3" tier="2" owner="TSS" procurement_status="Completed" restricted="false" source_system_identifier="4048075">Cisplatin</cesc_shared:chemotherapy_regimen_type>
                            <cesc_shared:other_chemotherapy_agent_administration_specify preferred_name="chemo_concurrent_type_other" display_order="134" cde="2426129" cde_ver="1.000" xsd_ver="2.3" tier="2" owner="TSS" procurement_status="Not Applicable" restricted="false" source_system_identifier="4048076" xsi:nil="true"/>
                            <cesc_shared:concurrent_chemotherapy_dose preferred_name="chemo_concurrent_dose" display_order="135" cde="3166172" cde_ver="1.000" xsd_ver="2.5" tier="2" owner="TSS" procurement_status="Not Available" restricted="false" source_system_identifier="4048077"/>
                            <cesc_shared:dose_frequency_text preferred_name="chemo_concurrent_course" display_order="136" cde="2179580" cde_ver="1.000" xsd_ver="2.3" tier="2" owner="TSS" procurement_status="Completed" restricted="false" source_system_identifier="4048078">Once weekly</cesc_shared:dose_frequency_text>
                            <cesc_shared:agent_total_dose_count preferred_name="chemo_concurrent_fractions_total" display_order="137" cde="2180805" cde_ver="1.000" xsd_ver="2.3" tier="2" owner="TSS" procurement_status="Completed" restricted="false" source_system_identifier="4048079">6</cesc_shared:agent_total_dose_count>
                        </cesc_shared:concurrent_rx_tx>
                    </cesc_shared:concurrent_rx_tx_info>
                </cesc_shared:treatment>
                <cesc_nte:new_tumor_events>
                    <nte:new_tumor_event_after_initial_treatment preferred_name="new_tumor_event_dx_indicator" display_order="138" cde="3121376" cde_ver="1.000" xsd_ver="2.5" tier="2" owner="TSS" procurement_status="Completed" restricted="false" source_system_identifier="4048080">NO</nte:new_tumor_event_after_initial_treatment>
                    <cesc_nte:new_tumor_event>
                        <nte:days_to_new_tumor_event_after_initial_treatment precision="day" xsd_ver="2.2" tier="1" cde="3392464" owner="TSS" procurement_status="Not Available" preferred_name="new_tumor_event_dx_days_to" display_order="145" cde_ver="1.000"/>
                        <nte:new_neoplasm_event_type preferred_name="new_tumor_event_type" display_order="139" cde="3119721" cde_ver="1.000" xsd_ver="2.5" tier="2" owner="TSS" procurement_status="Not Available" restricted="false" source_system_identifier="4048081"/>
                        <nte:new_neoplasm_event_occurrence_anatomic_site preferred_name="new_tumor_event_site" display_order="140" cde="3108271" cde_ver="2.000" xsd_ver="2.5" tier="2" owner="TSS" procurement_status="Not Available" restricted="false" source_system_identifier="4048082"/>
                        <nte:new_neoplasm_occurrence_anatomic_site_text preferred_name="new_tumor_event_site_other" display_order="141" cde="3128033" cde_ver="1.000" xsd_ver="2.5" tier="2" owner="TSS" procurement_status="Not Available" restricted="false" source_system_identifier="4048083"/>
                        <nte:new_tumor_event_additional_surgery_procedure preferred_name="new_tumor_event_surgery" display_order="148" cde="3427611" cde_ver="1.000" xsd_ver="2.5" tier="2" owner="TSS" procurement_status="Not Available" restricted="false" source_system_identifier="4048090"/>
                        <nte:days_to_new_tumor_event_additional_surgery_procedure precision="day" xsd_ver="2.5" tier="2" cde="3008335" owner="TSS" procurement_status="Not Available" preferred_name="new_tumor_event_surgery_days_to" display_order="152" cde_ver="1.000"/>
                        <nte:residual_disease_post_new_tumor_event_margin_status preferred_name="new_tumor_event_residual_tumor" display_order="9999" cde="3008753" cde_ver="2.000" xsd_ver="2.3" tier="2" owner="TSS" procurement_status="Not Available" restricted="false" source_system_identifier="4048095"/>
                        <nte:additional_radiation_therapy preferred_name="new_tumor_event_radiation_tx" display_order="151" cde="3427615" cde_ver="1.000" xsd_ver="2.5" tier="2" owner="TSS" procurement_status="Not Available" restricted="false" source_system_identifier="4048096"/>
                        <nte:additional_pharmaceutical_therapy preferred_name="new_tumor_event_pharmaceutical_tx" display_order="152" cde="3427616" cde_ver="1.000" xsd_ver="2.5" tier="2" owner="TSS" procurement_status="Not Available" restricted="false" source_system_identifier="4048097"/>
                        <cesc_shared:new_neoplasm_event_post_initial_therapy_diagnosis_method_type preferred_name="new_tumor_event_surgery" display_order="146" cde="3151113" cde_ver="1.000" xsd_ver="2.3" tier="2" owner="TSS" procurement_status="Not Available" restricted="false" source_system_identifier="4048088"/>
                        <cesc_shared:new_neoplasm_event_post_initial_therapy_diagnosis_method_text preferred_name="new_tumor_event_pathologic_dx_other" display_order="147" cde="3151116" cde_ver="1.000" xsd_ver="2.3" tier="2" owner="TSS" procurement_status="Not Applicable" restricted="false" source_system_identifier="4048089" xsi:nil="true"/>
                    </cesc_nte:new_tumor_event>
                </cesc_nte:new_tumor_events>
                <clin_shared:day_of_form_completion preferred_name="form_completion_day" display_order="999" cde="2975716" cde_ver="1.000" xsd_ver="2.2" tier="2" owner="TSS" procurement_status="Completed" restricted="false">31</clin_shared:day_of_form_completion>
                <clin_shared:month_of_form_completion preferred_name="form_completion_month" display_order="999" cde="2975718" cde_ver="1.000" xsd_ver="2.2" tier="2" owner="TSS" procurement_status="Completed" restricted="false">12</clin_shared:month_of_form_completion>
                <clin_shared:year_of_form_completion preferred_name="form_completion_year" display_order="999" cde="2975720" cde_ver="1.000" xsd_ver="2.2" tier="2" owner="TSS" procurement_status="Completed" restricted="false">2014</clin_shared:year_of_form_completion>
            </follow_up_v4.0:follow_up>
        </cesc:follow_ups>
        <rx:drugs/>
        <rad:radiations/>
    </cesc:patient>
</cesc:tcga_bcr>